[0.107s] Invoking command in '/home/matrix/ros2_ws/build/custom_pkg': CMAKE_PREFIX_PATH=${CMAKE_PREFIX_PATH}:/home/matrix/ros2_ws/install/py_node:/opt/ros/humble /usr/bin/cmake --build /home/matrix/ros2_ws/build/custom_pkg -- -j8 -l8
[0.264s] -- Found ament_cmake: 1.3.11 (/opt/ros/humble/share/ament_cmake/cmake)
[0.916s] -- Found rosidl_default_generators: 1.2.0 (/opt/ros/humble/share/rosidl_default_generators/cmake)
[0.931s] -- Using all available rosidl_typesupport_c: rosidl_typesupport_fastrtps_c;rosidl_typesupport_introspection_c
[0.950s] -- Found rosidl_adapter: 3.1.6 (/opt/ros/humble/share/rosidl_adapter/cmake)
[1.093s] -- Using all available rosidl_typesupport_cpp: rosidl_typesupport_fastrtps_cpp;rosidl_typesupport_introspection_cpp
[1.225s] -- Found std_msgs: 4.2.4 (/opt/ros/humble/share/std_msgs/cmake)
[1.365s] -- Found rclcpp: 16.0.11 (/opt/ros/humble/share/rclcpp/cmake)
[1.644s] -- Found rmw_implementation_cmake: 6.1.2 (/opt/ros/humble/share/rmw_implementation_cmake/cmake)
[1.670s] -- Found rmw_fastrtps_cpp: 6.2.7 (/opt/ros/humble/share/rmw_fastrtps_cpp/cmake)
[2.323s] -- Found OpenSSL: /usr/lib/x86_64-linux-gnu/libcrypto.so (found version "3.0.2")  
[2.447s] -- Found FastRTPS: /opt/ros/humble/include  
[2.625s] -- Using RMW implementation 'rmw_fastrtps_cpp' as default
[2.674s] -- Looking for pthread.h
[3.454s] -- Looking for pthread.h - found
[3.456s] -- Performing Test CMAKE_HAVE_LIBC_PTHREAD
[4.064s] -- Performing Test CMAKE_HAVE_LIBC_PTHREAD - Success
[4.081s] -- Found Threads: TRUE  
[4.292s] -- Found ament_lint_auto: 0.12.11 (/opt/ros/humble/share/ament_lint_auto/cmake)
[5.398s] -- Found ament_cmake_ros: 0.10.0 (/opt/ros/humble/share/ament_cmake_ros/cmake)
[6.269s] -- Using all available rosidl_typesupport_c: rosidl_typesupport_fastrtps_c;rosidl_typesupport_introspection_c
[7.440s] -- Using all available rosidl_typesupport_cpp: rosidl_typesupport_fastrtps_cpp;rosidl_typesupport_introspection_cpp
[7.527s] -- Found python_cmake_module: 0.10.0 (/opt/ros/humble/share/python_cmake_module/cmake)
[7.606s] -- Using PYTHON_EXECUTABLE: /usr/bin/python3
[7.606s] -- Using PYTHON_INCLUDE_DIRS: /usr/include/python3.10
[7.607s] -- Using PYTHON_LIBRARIES: /usr/lib/x86_64-linux-gnu/libpython3.10.so
[7.725s] -- Added test 'cppcheck' to perform static code analysis on C / C++ code
[7.725s] -- Configured cppcheck include dirs: 
[7.726s] -- Configured cppcheck exclude dirs and/or files: 
[7.729s] -- Added test 'lint_cmake' to check CMake code style
[7.739s] -- Added test 'uncrustify' to check C / C++ code style
[7.739s] -- Configured uncrustify additional arguments: 
[7.743s] -- Added test 'xmllint' to check XML markup files
[7.756s] -- Configuring done
[8.020s] -- Generating done
[8.061s] -- Build files have been written to: /home/matrix/ros2_ws/build/custom_pkg
[8.213s] [35m[1mConsolidate compiler generated dependencies of target custom_pkg__rosidl_generator_c[0m
[8.292s] [  2%] [32mBuilding CXX object CMakeFiles/msg_pub.dir/src/pub.cpp.o[0m
[8.340s] [  5%] Built target custom_pkg__cpp
[8.341s] [  8%] [32mBuilding CXX object CMakeFiles/msg_sub.dir/src/sub.cpp.o[0m
[8.360s] [ 17%] Built target custom_pkg__rosidl_generator_c
[8.375s] [ 17%] Built target ament_cmake_python_copy_custom_pkg
[8.474s] [35m[1mConsolidate compiler generated dependencies of target custom_pkg__rosidl_typesupport_cpp[0m
[8.492s] [35m[1mConsolidate compiler generated dependencies of target custom_pkg__rosidl_typesupport_introspection_cpp[0m
[8.503s] [35m[1mConsolidate compiler generated dependencies of target custom_pkg__rosidl_typesupport_introspection_c[0m
[8.513s] [35m[1mConsolidate compiler generated dependencies of target custom_pkg__rosidl_typesupport_fastrtps_c[0m
[8.513s] [35m[1mConsolidate compiler generated dependencies of target custom_pkg__rosidl_typesupport_c[0m
[8.534s] [35m[1mConsolidate compiler generated dependencies of target custom_pkg__rosidl_typesupport_fastrtps_cpp[0m
[8.655s] [ 25%] Built target custom_pkg__rosidl_typesupport_cpp
[8.678s] [ 34%] Built target custom_pkg__rosidl_typesupport_introspection_c
[8.692s] [ 42%] Built target custom_pkg__rosidl_typesupport_c
[8.699s] [ 51%] Built target custom_pkg__rosidl_typesupport_fastrtps_cpp
[8.722s] [ 60%] Built target custom_pkg__rosidl_typesupport_fastrtps_c
[8.724s] [ 68%] Built target custom_pkg__rosidl_typesupport_introspection_cpp
[8.921s] [ 68%] Built target custom_pkg
[9.131s] [ 71%] Built target custom_pkg__py
[9.226s] [35m[1mConsolidate compiler generated dependencies of target custom_pkg__rosidl_generator_py[0m
[9.394s] [ 77%] Built target custom_pkg__rosidl_generator_py
[9.542s] [35m[1mConsolidate compiler generated dependencies of target custom_pkg__rosidl_typesupport_introspection_c__pyext[0m
[9.542s] [35m[1mConsolidate compiler generated dependencies of target custom_pkg__rosidl_typesupport_fastrtps_c__pyext[0m
[9.631s] [35m[1mConsolidate compiler generated dependencies of target custom_pkg__rosidl_typesupport_c__pyext[0m
[9.729s] [ 82%] Built target custom_pkg__rosidl_typesupport_fastrtps_c__pyext
[9.729s] [ 88%] Built target custom_pkg__rosidl_typesupport_introspection_c__pyext
[9.805s] [ 94%] Built target custom_pkg__rosidl_typesupport_c__pyext
[10.217s] running egg_info
[10.226s] writing custom_pkg.egg-info/PKG-INFO
[10.226s] writing dependency_links to custom_pkg.egg-info/dependency_links.txt
[10.227s] writing top-level names to custom_pkg.egg-info/top_level.txt
[10.232s] reading manifest file 'custom_pkg.egg-info/SOURCES.txt'
[10.235s] writing manifest file 'custom_pkg.egg-info/SOURCES.txt'
[10.350s] [ 94%] Built target ament_cmake_python_build_custom_pkg_egg
[11.570s] [01m[K/home/matrix/ros2_ws/src/custom_pkg/src/pub.cpp:7:10:[m[K [01;31m[Kfatal error: [m[Kcustom_pkg/msg/Age.hpp: No such file or directory
[11.574s]     7 | #include [01;31m[K"custom_pkg/msg/Age.hpp"[m[K
[11.575s]       |          [01;31m[K^~~~~~~~~~~~~~~~~~~~~~~~[m[K
[11.576s] compilation terminated.
[11.581s] gmake[2]: *** [CMakeFiles/msg_pub.dir/build.make:76: CMakeFiles/msg_pub.dir/src/pub.cpp.o] Error 1
[11.583s] gmake[1]: *** [CMakeFiles/Makefile2:184: CMakeFiles/msg_pub.dir/all] Error 2
[11.583s] gmake[1]: *** Waiting for unfinished jobs....
[11.591s] [01m[K/home/matrix/ros2_ws/src/custom_pkg/src/sub.cpp:4:10:[m[K [01;31m[Kfatal error: [m[Kcustom_pkg/msg/Age.hpp: No such file or directory
[11.593s]     4 | #include [01;31m[K"custom_pkg/msg/Age.hpp"[m[K
[11.594s]       |          [01;31m[K^~~~~~~~~~~~~~~~~~~~~~~~[m[K
[11.594s] compilation terminated.
[11.604s] gmake[2]: *** [CMakeFiles/msg_sub.dir/build.make:76: CMakeFiles/msg_sub.dir/src/sub.cpp.o] Error 1
[11.605s] gmake[1]: *** [CMakeFiles/Makefile2:210: CMakeFiles/msg_sub.dir/all] Error 2
[11.608s] gmake: *** [Makefile:146: all] Error 2
[11.619s] Invoked command in '/home/matrix/ros2_ws/build/custom_pkg' returned '2': CMAKE_PREFIX_PATH=${CMAKE_PREFIX_PATH}:/home/matrix/ros2_ws/install/py_node:/opt/ros/humble /usr/bin/cmake --build /home/matrix/ros2_ws/build/custom_pkg -- -j8 -l8
