[01m[K/home/matrix/ros2_ws/src/use_custom_msg/src/pub.cpp:38:23:[m[K [01;31m[Kerror: [m[Kâ€˜[01m[Kcustom_pkg[m[Kâ€™ was not declared in this scope; did you mean â€˜[01m[Kcustom_msg[m[Kâ€™?
   38 |     rclcpp::Publisher<[01;31m[Kcustom_pkg[m[K::msg::Age>::SharedPtr publisher_;
      |                       [01;31m[K^~~~~~~~~~[m[K
      |                       [32m[Kcustom_msg[m[K
[01m[K/home/matrix/ros2_ws/src/use_custom_msg/src/pub.cpp:38:43:[m[K [01;31m[Kerror: [m[Ktemplate argument 1 is invalid
   38 |     rclcpp::Publisher<custom_pkg::msg::Age[01;31m[K>[m[K::SharedPtr publisher_;
      |                                           [01;31m[K^[m[K
[01m[K/home/matrix/ros2_ws/src/use_custom_msg/src/pub.cpp:38:46:[m[K [01;31m[Kerror: [m[Kexpected â€˜[01m[K;[m[Kâ€™ at end of member declaration
   38 |     rclcpp::Publisher<custom_pkg::msg::Age>::[01;31m[KSharedPtr[m[K publisher_;
      |                                              [01;31m[K^~~~~~~~~[m[K
      |                                                       [32m[K;[m[K
[01m[K/home/matrix/ros2_ws/src/use_custom_msg/src/pub.cpp:38:56:[m[K [01;31m[Kerror: [m[Kâ€˜[01m[Kpublisher_[m[Kâ€™ does not name a type; did you mean â€˜[01m[Krmw_publisher_t[m[Kâ€™?
   38 |     rclcpp::Publisher<custom_pkg::msg::Age>::SharedPtr [01;31m[Kpublisher_[m[K;
      |                                                        [01;31m[K^~~~~~~~~~[m[K
      |                                                        [32m[Krmw_publisher_t[m[K
[01m[K/home/matrix/ros2_ws/src/use_custom_msg/src/pub.cpp:[m[K In constructor â€˜[01m[KMinimalPublisher::MinimalPublisher()[m[Kâ€™:
[01m[K/home/matrix/ros2_ws/src/use_custom_msg/src/pub.cpp:20:7:[m[K [01;31m[Kerror: [m[Kâ€˜[01m[Kpublisher_[m[Kâ€™ was not declared in this scope; did you mean â€˜[01m[Krmw_publisher_t[m[Kâ€™?
   20 |       [01;31m[Kpublisher_[m[K = this->create_publisher<custom_pkg::msg::Age>("new_msg", 10);
      |       [01;31m[K^~~~~~~~~~[m[K
      |       [32m[Krmw_publisher_t[m[K
[01m[K/home/matrix/ros2_ws/src/use_custom_msg/src/pub.cpp:20:43:[m[K [01;31m[Kerror: [m[Kâ€˜[01m[Kcustom_pkg[m[Kâ€™ was not declared in this scope; did you mean â€˜[01m[Kcustom_msg[m[Kâ€™?
   20 |       publisher_ = this->create_publisher<[01;31m[Kcustom_pkg[m[K::msg::Age>("new_msg", 10);
      |                                           [01;31m[K^~~~~~~~~~[m[K
      |                                           [32m[Kcustom_msg[m[K
[01m[K/home/matrix/ros2_ws/src/use_custom_msg/src/pub.cpp:20:26:[m[K [01;31m[Kerror: [m[Kparse error in template argument list
   20 |       publisher_ = this->[01;31m[Kcreate_publisher<custom_pkg::msg::Age>[m[K("new_msg", 10);
      |                          [01;31m[K^~~~~~~~~~~~~~~~~~~~~~~~~~~~~~~~~~~~~~[m[K
[01m[K/home/matrix/ros2_ws/src/use_custom_msg/src/pub.cpp:20:64:[m[K [01;31m[Kerror: [m[Kno matching function for call to â€˜[01m[KMinimalPublisher::create_publisher<<expression error> >(const char [8], int)[m[Kâ€™
   20 |       publisher_ = [01;31m[Kthis->create_publisher<custom_pkg::msg::Age>("new_msg", 10)[m[K;
      |                    [01;31m[K~~~~~~~~~~~~~~~~~~~~~~~~~~~~~~~~~~~~~~~~~~~~^~~~~~~~~~~~~~~[m[K
In file included from [01m[K/opt/ros/humble/include/rclcpp/rclcpp/executors/single_threaded_executor.hpp:28[m[K,
                 from [01m[K/opt/ros/humble/include/rclcpp/rclcpp/executors.hpp:22[m[K,
                 from [01m[K/opt/ros/humble/include/rclcpp/rclcpp/rclcpp.hpp:155[m[K,
                 from [01m[K/home/matrix/ros2_ws/src/use_custom_msg/src/pub.cpp:6[m[K:
[01m[K/opt/ros/humble/include/rclcpp/rclcpp/node.hpp:195:3:[m[K [01;36m[Knote: [m[Kcandidate: â€˜[01m[Ktemplate<class MessageT, class AllocatorT, class PublisherT> std::shared_ptr<PublisherT> rclcpp::Node::create_publisher(const string&, const rclcpp::QoS&, const rclcpp::PublisherOptionsWithAllocator<AllocatorT>&)[m[Kâ€™
  195 |   [01;36m[Kcreate_publisher[m[K(
      |   [01;36m[K^~~~~~~~~~~~~~~~[m[K
[01m[K/opt/ros/humble/include/rclcpp/rclcpp/node.hpp:195:3:[m[K [01;36m[Knote: [m[K  template argument deduction/substitution failed:
[01m[K/home/matrix/ros2_ws/src/use_custom_msg/src/pub.cpp:20:64:[m[K [01;31m[Kerror: [m[Ktemplate argument 1 is invalid
   20 |       publisher_ = [01;31m[Kthis->create_publisher<custom_pkg::msg::Age>("new_msg", 10)[m[K;
      |                    [01;31m[K~~~~~~~~~~~~~~~~~~~~~~~~~~~~~~~~~~~~~~~~~~~~^~~~~~~~~~~~~~~[m[K
[01m[K/home/matrix/ros2_ws/src/use_custom_msg/src/pub.cpp:[m[K In member function â€˜[01m[Kvoid MinimalPublisher::timer_callback()[m[Kâ€™:
[01m[K/home/matrix/ros2_ws/src/use_custom_msg/src/pub.cpp:28:22:[m[K [01;31m[Kerror: [m[Kâ€˜[01m[Kcustom_pkg[m[Kâ€™ has not been declared
   28 |       auto message = [01;31m[Kcustom_pkg[m[K::msg::Age();
      |                      [01;31m[K^~~~~~~~~~[m[K
[01m[K/home/matrix/ros2_ws/src/use_custom_msg/src/pub.cpp:33:60:[m[K [01;31m[Kerror: [m[Kâ€˜[01m[Kcount_[m[Kâ€™ was not declared in this scope
   33 |       message.data = "Hello, Mr-Matrix! " + std::to_string([01;31m[Kcount_[m[K++);
      |                                                            [01;31m[K^~~~~~[m[K
[01m[K/home/matrix/ros2_ws/src/use_custom_msg/src/pub.cpp:35:7:[m[K [01;31m[Kerror: [m[Kâ€˜[01m[Kpublisher_[m[Kâ€™ was not declared in this scope; did you mean â€˜[01m[Krmw_publisher_t[m[Kâ€™?
   35 |       [01;31m[Kpublisher_[m[K->publish(message);
      |       [01;31m[K^~~~~~~~~~[m[K
      |       [32m[Krmw_publisher_t[m[K
[01m[K/home/matrix/ros2_ws/src/use_custom_msg/src/sub.cpp:19:31:[m[K [01;31m[Kerror: [m[Kâ€˜[01m[Kcustom_pkg[m[Kâ€™ does not name a type
   19 |     void topic_callback(const [01;31m[Kcustom_pkg[m[K::msg::Age & msg) const
      |                               [01;31m[K^~~~~~~~~~[m[K
[01m[K/home/matrix/ros2_ws/src/use_custom_msg/src/sub.cpp:19:46:[m[K [01;31m[Kerror: [m[Kexpected unqualified-id before â€˜[01m[K::[m[Kâ€™ token
   19 |     void topic_callback(const custom_pkg::msg[01;31m[K::[m[KAge & msg) const
      |                                              [01;31m[K^~[m[K
[01m[K/home/matrix/ros2_ws/src/use_custom_msg/src/sub.cpp:19:46:[m[K [01;31m[Kerror: [m[Kexpected â€˜[01m[K)[m[Kâ€™ before â€˜[01m[K::[m[Kâ€™ token
   19 |     void topic_callback[34m[K([m[Kconst custom_pkg::msg[01;31m[K:[m[K[32m[K:[m[KAge & msg) const
      |                        [34m[K~[m[K                     [01;31m[K^[m[K[32m[K~[m[K
      |                                              [32m[K)[m[K
[01m[K/home/matrix/ros2_ws/src/use_custom_msg/src/sub.cpp:19:43:[m[K [01;31m[Kerror: [m[Kexpected â€˜[01m[K;[m[Kâ€™ at end of member declaration
   19 |     void topic_callback(const custom_pkg::[01;31m[Kmsg[m[K::Age & msg) const
      |                                           [01;31m[K^~~[m[K
      |                                              [32m[K;[m[K
[01m[K/home/matrix/ros2_ws/src/use_custom_msg/src/sub.cpp:19:48:[m[K [01;31m[Kerror: [m[Kâ€˜[01m[KAge[m[Kâ€™ in namespace â€˜[01m[K::[m[Kâ€™ does not name a type
   19 |     void topic_callback(const custom_pkg::msg::[01;31m[KAge[m[K & msg) const
      |                                                [01;31m[K^~~[m[K
[01m[K/home/matrix/ros2_ws/src/use_custom_msg/src/sub.cpp:23:26:[m[K [01;31m[Kerror: [m[Kâ€˜[01m[Kcustom_pkg[m[Kâ€™ was not declared in this scope; did you mean â€˜[01m[Kcustom_msg[m[Kâ€™?
   23 |     rclcpp::Subscription<[01;31m[Kcustom_pkg[m[K::msg::Age>::SharedPtr subscription_;
      |                          [01;31m[K^~~~~~~~~~[m[K
      |                          [32m[Kcustom_msg[m[K
[01m[K/home/matrix/ros2_ws/src/use_custom_msg/src/sub.cpp:23:46:[m[K [01;31m[Kerror: [m[Ktemplate argument 1 is invalid
   23 |     rclcpp::Subscription<custom_pkg::msg::Age[01;31m[K>[m[K::SharedPtr subscription_;
      |                                              [01;31m[K^[m[K
[01m[K/home/matrix/ros2_ws/src/use_custom_msg/src/sub.cpp:23:46:[m[K [01;31m[Kerror: [m[Ktemplate argument 3 is invalid
[01m[K/home/matrix/ros2_ws/src/use_custom_msg/src/sub.cpp:23:46:[m[K [01;31m[Kerror: [m[Ktemplate argument 4 is invalid
[01m[K/home/matrix/ros2_ws/src/use_custom_msg/src/sub.cpp:23:46:[m[K [01;31m[Kerror: [m[Ktemplate argument 5 is invalid
[01m[K/home/matrix/ros2_ws/src/use_custom_msg/src/sub.cpp:23:49:[m[K [01;31m[Kerror: [m[Kexpected â€˜[01m[K;[m[Kâ€™ at end of member declaration
   23 |     rclcpp::Subscription<custom_pkg::msg::Age>::[01;31m[KSharedPtr[m[K subscription_;
      |                                                 [01;31m[K^~~~~~~~~[m[K
      |                                                          [32m[K;[m[K
[01m[K/home/matrix/ros2_ws/src/use_custom_msg/src/sub.cpp:23:59:[m[K [01;31m[Kerror: [m[Kâ€˜[01m[Ksubscription_[m[Kâ€™ does not name a type; did you mean â€˜[01m[Krmw_subscription_t[m[Kâ€™?
   23 |     rclcpp::Subscription<custom_pkg::msg::Age>::SharedPtr [01;31m[Ksubscription_[m[K;
      |                                                           [01;31m[K^~~~~~~~~~~~~[m[K
      |                                                           [32m[Krmw_subscription_t[m[K
[01m[K/home/matrix/ros2_ws/src/use_custom_msg/src/sub.cpp:[m[K In constructor â€˜[01m[KMinimalSubscriber::MinimalSubscriber()[m[Kâ€™:
[01m[K/home/matrix/ros2_ws/src/use_custom_msg/src/sub.cpp:13:7:[m[K [01;31m[Kerror: [m[Kâ€˜[01m[Ksubscription_[m[Kâ€™ was not declared in this scope; did you mean â€˜[01m[Krmw_subscription_t[m[Kâ€™?
   13 |       [01;31m[Ksubscription_[m[K = this->create_subscription<custom_pkg::msg::Age>(
      |       [01;31m[K^~~~~~~~~~~~~[m[K
      |       [32m[Krmw_subscription_t[m[K
[01m[K/home/matrix/ros2_ws/src/use_custom_msg/src/sub.cpp:13:49:[m[K [01;31m[Kerror: [m[Kâ€˜[01m[Kcustom_pkg[m[Kâ€™ was not declared in this scope; did you mean â€˜[01m[Kcustom_msg[m[Kâ€™?
   13 |       subscription_ = this->create_subscription<[01;31m[Kcustom_pkg[m[K::msg::Age>(
      |                                                 [01;31m[K^~~~~~~~~~[m[K
      |                                                 [32m[Kcustom_msg[m[K
[01m[K/home/matrix/ros2_ws/src/use_custom_msg/src/sub.cpp:13:29:[m[K [01;31m[Kerror: [m[Kparse error in template argument list
   13 |       subscription_ = this->[01;31m[Kcreate_subscription<custom_pkg::msg::Age>[m[K(
      |                             [01;31m[K^~~~~~~~~~~~~~~~~~~~~~~~~~~~~~~~~~~~~~~~~[m[K
[01m[K/home/matrix/ros2_ws/src/use_custom_msg/src/sub.cpp:13:70:[m[K [01;31m[Kerror: [m[Kno matching function for call to â€˜[01m[KMinimalSubscriber::create_subscription<<expression error> >(const char [8], int, std::_Bind_helper<false, void (MinimalSubscriber::*)(...), MinimalSubscriber*, const std::_Placeholder<1>&>::type)[m[Kâ€™
   13 |       subscription_ = [01;31m[Kthis->create_subscription<custom_pkg::msg::Age>([m[K
      |                       [01;31m[K~~~~~~~~~~~~~~~~~~~~~~~~~~~~~~~~~~~~~~~~~~~~~~~^[m[K
   14 | [01;31m[K      "new_msg", 10, std::bind(&MinimalSubscriber::topic_callback, this, _1))[m[K;
      |       [01;31m[K~~~~~~~~~~~~~~~~~~~~~~~~~~~~~~~~~~~~~~~~~~~~~~~~~~~~~~~~~~~~~~~~~~~~~~~[m[K
In file included from [01m[K/opt/ros/humble/include/rclcpp/rclcpp/executors/single_threaded_executor.hpp:28[m[K,
                 from [01m[K/opt/ros/humble/include/rclcpp/rclcpp/executors.hpp:22[m[K,
                 from [01m[K/opt/ros/humble/include/rclcpp/rclcpp/rclcpp.hpp:155[m[K,
                 from [01m[K/home/matrix/ros2_ws/src/use_custom_msg/src/sub.cpp:3[m[K:
[01m[K/opt/ros/humble/include/rclcpp/rclcpp/node.hpp:219:3:[m[K [01;36m[Knote: [m[Kcandidate: â€˜[01m[Ktemplate<class MessageT, class CallbackT, class AllocatorT, class SubscriptionT, class MessageMemoryStrategyT> std::shared_ptr<ROSMessageT> rclcpp::Node::create_subscription(const string&, const rclcpp::QoS&, CallbackT&&, const rclcpp::SubscriptionOptionsWithAllocator<AllocatorT>&, typename MessageMemoryStrategyT::SharedPtr)[m[Kâ€™
  219 |   [01;36m[Kcreate_subscription[m[K(
      |   [01;36m[K^~~~~~~~~~~~~~~~~~~[m[K
[01m[K/opt/ros/humble/include/rclcpp/rclcpp/node.hpp:219:3:[m[K [01;36m[Knote: [m[K  template argument deduction/substitution failed:
[01m[K/home/matrix/ros2_ws/src/use_custom_msg/src/sub.cpp:13:70:[m[K [01;31m[Kerror: [m[Ktemplate argument 1 is invalid
   13 |       subscription_ = [01;31m[Kthis->create_subscription<custom_pkg::msg::Age>([m[K
      |                       [01;31m[K~~~~~~~~~~~~~~~~~~~~~~~~~~~~~~~~~~~~~~~~~~~~~~~^[m[K
   14 | [01;31m[K      "new_msg", 10, std::bind(&MinimalSubscriber::topic_callback, this, _1))[m[K;
      |       [01;31m[K~~~~~~~~~~~~~~~~~~~~~~~~~~~~~~~~~~~~~~~~~~~~~~~~~~~~~~~~~~~~~~~~~~~~~~~[m[K
gmake[2]: *** [CMakeFiles/custom_listner.dir/build.make:76: CMakeFiles/custom_listner.dir/src/sub.cpp.o] Error 1
gmake[1]: *** [CMakeFiles/Makefile2:139: CMakeFiles/custom_listner.dir/all] Error 2
gmake[1]: *** Waiting for unfinished jobs....
gmake[2]: *** [CMakeFiles/custom_talker.dir/build.make:76: CMakeFiles/custom_talker.dir/src/pub.cpp.o] Error 1
gmake[1]: *** [CMakeFiles/Makefile2:165: CMakeFiles/custom_talker.dir/all] Error 2
gmake: *** [Makefile:146: all] Error 2
