[0.112s] Invoking command in '/home/matrix/ros2_ws/build/custom_pkg': CMAKE_PREFIX_PATH=${CMAKE_PREFIX_PATH}:/home/matrix/ros2_ws/install/py_node:/opt/ros/humble /usr/bin/cmake --build /home/matrix/ros2_ws/build/custom_pkg -- -j8 -l8
[0.249s] -- Found ament_cmake: 1.3.11 (/opt/ros/humble/share/ament_cmake/cmake)
[0.701s] -- Found rosidl_default_generators: 1.2.0 (/opt/ros/humble/share/rosidl_default_generators/cmake)
[0.708s] -- Using all available rosidl_typesupport_c: rosidl_typesupport_fastrtps_c;rosidl_typesupport_introspection_c
[0.725s] -- Found rosidl_adapter: 3.1.6 (/opt/ros/humble/share/rosidl_adapter/cmake)
[0.829s] -- Using all available rosidl_typesupport_cpp: rosidl_typesupport_fastrtps_cpp;rosidl_typesupport_introspection_cpp
[0.918s] -- Found std_msgs: 4.2.4 (/opt/ros/humble/share/std_msgs/cmake)
[0.990s] -- Found rclcpp: 16.0.11 (/opt/ros/humble/share/rclcpp/cmake)
[1.082s] -- Found rmw_implementation_cmake: 6.1.2 (/opt/ros/humble/share/rmw_implementation_cmake/cmake)
[1.085s] -- Found rmw_fastrtps_cpp: 6.2.7 (/opt/ros/humble/share/rmw_fastrtps_cpp/cmake)
[1.387s] -- Using RMW implementation 'rmw_fastrtps_cpp' as default
[1.482s] -- Found ament_lint_auto: 0.12.11 (/opt/ros/humble/share/ament_lint_auto/cmake)
[2.382s] -- Found ament_cmake_ros: 0.10.0 (/opt/ros/humble/share/ament_cmake_ros/cmake)
[3.136s] -- Using all available rosidl_typesupport_c: rosidl_typesupport_fastrtps_c;rosidl_typesupport_introspection_c
[4.007s] -- Using all available rosidl_typesupport_cpp: rosidl_typesupport_fastrtps_cpp;rosidl_typesupport_introspection_cpp
[4.077s] -- Found python_cmake_module: 0.10.0 (/opt/ros/humble/share/python_cmake_module/cmake)
[4.143s] -- Using PYTHON_EXECUTABLE: /usr/bin/python3
[4.143s] -- Using PYTHON_INCLUDE_DIRS: /usr/include/python3.10
[4.143s] -- Using PYTHON_LIBRARIES: /usr/lib/x86_64-linux-gnu/libpython3.10.so
[4.529s] -- Added test 'cppcheck' to perform static code analysis on C / C++ code
[4.530s] -- Configured cppcheck include dirs: 
[4.530s] -- Configured cppcheck exclude dirs and/or files: 
[4.562s] -- Added test 'flake8' to check Python code syntax and style conventions
[4.631s] -- Added test 'lint_cmake' to check CMake code style
[4.666s] -- Added test 'pep257' to check Python code against some of the docstring style conventions in PEP 257
[4.944s] -- Added test 'uncrustify' to check C / C++ code style
[4.944s] -- Configured uncrustify additional arguments: 
[4.977s] -- Added test 'xmllint' to check XML markup files
[4.994s] -- Configuring done
[5.195s] -- Generating done
[5.228s] -- Build files have been written to: /home/matrix/ros2_ws/build/custom_pkg
[5.402s] [35m[1mConsolidate compiler generated dependencies of target custom_pkg__rosidl_generator_c[0m
[5.450s] [  2%] [32mBuilding CXX object CMakeFiles/msg_sub.dir/src/sub.cpp.o[0m
[5.462s] [  5%] Built target custom_pkg__cpp
[5.482s] [  8%] [32mBuilding CXX object CMakeFiles/msg_pub.dir/src/pub.cpp.o[0m
[5.498s] [ 17%] Built target custom_pkg__rosidl_generator_c
[5.529s] [ 17%] Built target ament_cmake_python_copy_custom_pkg
[5.596s] [35m[1mConsolidate compiler generated dependencies of target custom_pkg__rosidl_typesupport_introspection_cpp[0m
[5.622s] [35m[1mConsolidate compiler generated dependencies of target custom_pkg__rosidl_typesupport_cpp[0m
[5.645s] [35m[1mConsolidate compiler generated dependencies of target custom_pkg__rosidl_typesupport_introspection_c[0m
[5.645s] [35m[1mConsolidate compiler generated dependencies of target custom_pkg__rosidl_typesupport_fastrtps_c[0m
[5.650s] [35m[1mConsolidate compiler generated dependencies of target custom_pkg__rosidl_typesupport_fastrtps_cpp[0m
[5.681s] [35m[1mConsolidate compiler generated dependencies of target custom_pkg__rosidl_typesupport_c[0m
[5.735s] [ 25%] Built target custom_pkg__rosidl_typesupport_cpp
[5.794s] [ 34%] Built target custom_pkg__rosidl_typesupport_introspection_c
[5.797s] [ 42%] Built target custom_pkg__rosidl_typesupport_introspection_cpp
[5.835s] [ 51%] Built target custom_pkg__rosidl_typesupport_c
[5.870s] [ 60%] Built target custom_pkg__rosidl_typesupport_fastrtps_c
[5.870s] [ 68%] Built target custom_pkg__rosidl_typesupport_fastrtps_cpp
[6.049s] [ 68%] Built target custom_pkg
[6.205s] [ 71%] Built target custom_pkg__py
[6.275s] [35m[1mConsolidate compiler generated dependencies of target custom_pkg__rosidl_generator_py[0m
[6.374s] [ 77%] Built target custom_pkg__rosidl_generator_py
[6.450s] [35m[1mConsolidate compiler generated dependencies of target custom_pkg__rosidl_typesupport_fastrtps_c__pyext[0m
[6.457s] [35m[1mConsolidate compiler generated dependencies of target custom_pkg__rosidl_typesupport_introspection_c__pyext[0m
[6.464s] [35m[1mConsolidate compiler generated dependencies of target custom_pkg__rosidl_typesupport_c__pyext[0m
[6.582s] [ 82%] Built target custom_pkg__rosidl_typesupport_introspection_c__pyext
[6.586s] [ 88%] Built target custom_pkg__rosidl_typesupport_fastrtps_c__pyext
[6.614s] [ 94%] Built target custom_pkg__rosidl_typesupport_c__pyext
[6.828s] running egg_info
[6.829s] writing custom_pkg.egg-info/PKG-INFO
[6.830s] writing dependency_links to custom_pkg.egg-info/dependency_links.txt
[6.830s] writing top-level names to custom_pkg.egg-info/top_level.txt
[6.837s] reading manifest file 'custom_pkg.egg-info/SOURCES.txt'
[6.837s] writing manifest file 'custom_pkg.egg-info/SOURCES.txt'
[6.903s] [ 94%] Built target ament_cmake_python_build_custom_pkg_egg
[7.694s] [01m[K/home/matrix/ros2_ws/src/custom_pkg/src/pub.cpp:7:10:[m[K [01;31m[Kfatal error: [m[Kcustom_pkg/msg/Age.hpp: No such file or directory
[7.694s]     7 | #include [01;31m[K"custom_pkg/msg/Age.hpp"[m[K
[7.695s]       |          [01;31m[K^~~~~~~~~~~~~~~~~~~~~~~~[m[K
[7.695s] compilation terminated.
[7.698s] gmake[2]: *** [CMakeFiles/msg_pub.dir/build.make:76: CMakeFiles/msg_pub.dir/src/pub.cpp.o] Error 1
[7.699s] gmake[1]: *** [CMakeFiles/Makefile2:184: CMakeFiles/msg_pub.dir/all] Error 2
[7.699s] gmake[1]: *** Waiting for unfinished jobs....
[7.728s] [01m[K/home/matrix/ros2_ws/src/custom_pkg/src/sub.cpp:4:10:[m[K [01;31m[Kfatal error: [m[Kcustom_pkg/msg/Age.hpp: No such file or directory
[7.728s]     4 | #include [01;31m[K"custom_pkg/msg/Age.hpp"[m[K
[7.729s]       |          [01;31m[K^~~~~~~~~~~~~~~~~~~~~~~~[m[K
[7.729s] compilation terminated.
[7.732s] gmake[2]: *** [CMakeFiles/msg_sub.dir/build.make:76: CMakeFiles/msg_sub.dir/src/sub.cpp.o] Error 1
[7.734s] gmake[1]: *** [CMakeFiles/Makefile2:210: CMakeFiles/msg_sub.dir/all] Error 2
[7.734s] gmake: *** [Makefile:146: all] Error 2
[7.742s] Invoked command in '/home/matrix/ros2_ws/build/custom_pkg' returned '2': CMAKE_PREFIX_PATH=${CMAKE_PREFIX_PATH}:/home/matrix/ros2_ws/install/py_node:/opt/ros/humble /usr/bin/cmake --build /home/matrix/ros2_ws/build/custom_pkg -- -j8 -l8
