[0.059s] Invoking command in '/home/matrix/ros2_ws/build/use_custom_msg': AMENT_PREFIX_PATH=/home/matrix/ros2_ws/install/custom_msg:${AMENT_PREFIX_PATH} CMAKE_PREFIX_PATH=/home/matrix/ros2_ws/install/custom_msg:/opt/ros/humble LD_LIBRARY_PATH=/home/matrix/ros2_ws/install/custom_msg/lib:${LD_LIBRARY_PATH} PYTHONPATH=/home/matrix/ros2_ws/install/custom_msg/local/lib/python3.10/dist-packages:${PYTHONPATH} /usr/bin/cmake /home/matrix/ros2_ws/src/use_custom_msg -DCMAKE_INSTALL_PREFIX=/home/matrix/ros2_ws/install/use_custom_msg
[0.104s] -- Found ament_cmake: 1.3.11 (/opt/ros/humble/share/ament_cmake/cmake)
[0.436s] -- Found custom_msg: 0.0.0 (/home/matrix/ros2_ws/install/custom_msg/share/custom_msg/cmake)
[0.503s] -- Found rosidl_generator_c: 3.1.6 (/opt/ros/humble/share/rosidl_generator_c/cmake)
[0.512s] -- Found rosidl_adapter: 3.1.6 (/opt/ros/humble/share/rosidl_adapter/cmake)
[0.538s] -- Found rosidl_generator_cpp: 3.1.6 (/opt/ros/humble/share/rosidl_generator_cpp/cmake)
[0.567s] -- Using all available rosidl_typesupport_c: rosidl_typesupport_fastrtps_c;rosidl_typesupport_introspection_c
[0.604s] -- Using all available rosidl_typesupport_cpp: rosidl_typesupport_fastrtps_cpp;rosidl_typesupport_introspection_cpp
[0.699s] -- Found rclcpp: 16.0.11 (/opt/ros/humble/share/rclcpp/cmake)
[0.813s] -- Found rmw_implementation_cmake: 6.1.2 (/opt/ros/humble/share/rmw_implementation_cmake/cmake)
[0.821s] -- Found rmw_fastrtps_cpp: 6.2.7 (/opt/ros/humble/share/rmw_fastrtps_cpp/cmake)
[1.194s] -- Found OpenSSL: /usr/lib/x86_64-linux-gnu/libcrypto.so (found version "3.0.2")  
[1.262s] -- Found FastRTPS: /opt/ros/humble/include  
[1.373s] -- Using RMW implementation 'rmw_fastrtps_cpp' as default
[1.396s] -- Looking for pthread.h
[1.745s] -- Looking for pthread.h - found
[1.749s] -- Performing Test CMAKE_HAVE_LIBC_PTHREAD
[2.130s] -- Performing Test CMAKE_HAVE_LIBC_PTHREAD - Success
[2.136s] -- Found Threads: TRUE  
[2.252s] -- Found ament_lint_auto: 0.12.11 (/opt/ros/humble/share/ament_lint_auto/cmake)
[2.471s] -- Added test 'cppcheck' to perform static code analysis on C / C++ code
[2.472s] -- Configured cppcheck include dirs: 
[2.472s] -- Configured cppcheck exclude dirs and/or files: 
[2.475s] -- Added test 'lint_cmake' to check CMake code style
[2.488s] -- Added test 'uncrustify' to check C / C++ code style
[2.489s] -- Configured uncrustify additional arguments: 
[2.491s] -- Added test 'xmllint' to check XML markup files
[2.496s] -- Configuring done
[2.590s] -- Generating done
[2.602s] -- Build files have been written to: /home/matrix/ros2_ws/build/use_custom_msg
[2.623s] Invoked command in '/home/matrix/ros2_ws/build/use_custom_msg' returned '0': AMENT_PREFIX_PATH=/home/matrix/ros2_ws/install/custom_msg:${AMENT_PREFIX_PATH} CMAKE_PREFIX_PATH=/home/matrix/ros2_ws/install/custom_msg:/opt/ros/humble LD_LIBRARY_PATH=/home/matrix/ros2_ws/install/custom_msg/lib:${LD_LIBRARY_PATH} PYTHONPATH=/home/matrix/ros2_ws/install/custom_msg/local/lib/python3.10/dist-packages:${PYTHONPATH} /usr/bin/cmake /home/matrix/ros2_ws/src/use_custom_msg -DCMAKE_INSTALL_PREFIX=/home/matrix/ros2_ws/install/use_custom_msg
[2.634s] Invoking command in '/home/matrix/ros2_ws/build/use_custom_msg': AMENT_PREFIX_PATH=/home/matrix/ros2_ws/install/custom_msg:${AMENT_PREFIX_PATH} CMAKE_PREFIX_PATH=/home/matrix/ros2_ws/install/custom_msg:/opt/ros/humble LD_LIBRARY_PATH=/home/matrix/ros2_ws/install/custom_msg/lib:${LD_LIBRARY_PATH} PYTHONPATH=/home/matrix/ros2_ws/install/custom_msg/local/lib/python3.10/dist-packages:${PYTHONPATH} /usr/bin/cmake --build /home/matrix/ros2_ws/build/use_custom_msg -- -j8 -l8
[2.915s] [ 25%] [32mBuilding CXX object CMakeFiles/custom_talker.dir/src/pub.cpp.o[0m
[2.921s] [ 50%] [32mBuilding CXX object CMakeFiles/custom_listner.dir/src/sub.cpp.o[0m
[4.746s] [01m[K/home/matrix/ros2_ws/src/use_custom_msg/src/pub.cpp:7:10:[m[K [01;31m[Kfatal error: [m[Kcustom_pkg/msg/age.hpp: No such file or directory
[4.749s]     7 | #include [01;31m[K"custom_pkg/msg/age.hpp"[m[K
[4.749s]       |          [01;31m[K^~~~~~~~~~~~~~~~~~~~~~~~[m[K
[4.752s] compilation terminated.
[4.752s] [01m[K/home/matrix/ros2_ws/src/use_custom_msg/src/sub.cpp:4:10:[m[K [01;31m[Kfatal error: [m[Kcustom_pkg/msg/age.hpp: No such file or directory
[4.752s]     4 | #include [01;31m[K"custom_pkg/msg/age.hpp"[m[K
[4.753s]       |          [01;31m[K^~~~~~~~~~~~~~~~~~~~~~~~[m[K
[4.753s] compilation terminated.
[4.753s] gmake[2]: *** [CMakeFiles/custom_talker.dir/build.make:76: CMakeFiles/custom_talker.dir/src/pub.cpp.o] Error 1
[4.755s] gmake[1]: *** [CMakeFiles/Makefile2:165: CMakeFiles/custom_talker.dir/all] Error 2
[4.755s] gmake[1]: *** Waiting for unfinished jobs....
[4.755s] gmake[2]: *** [CMakeFiles/custom_listner.dir/build.make:76: CMakeFiles/custom_listner.dir/src/sub.cpp.o] Error 1
[4.755s] gmake[1]: *** [CMakeFiles/Makefile2:139: CMakeFiles/custom_listner.dir/all] Error 2
[4.756s] gmake: *** [Makefile:146: all] Error 2
[4.761s] Invoked command in '/home/matrix/ros2_ws/build/use_custom_msg' returned '2': AMENT_PREFIX_PATH=/home/matrix/ros2_ws/install/custom_msg:${AMENT_PREFIX_PATH} CMAKE_PREFIX_PATH=/home/matrix/ros2_ws/install/custom_msg:/opt/ros/humble LD_LIBRARY_PATH=/home/matrix/ros2_ws/install/custom_msg/lib:${LD_LIBRARY_PATH} PYTHONPATH=/home/matrix/ros2_ws/install/custom_msg/local/lib/python3.10/dist-packages:${PYTHONPATH} /usr/bin/cmake --build /home/matrix/ros2_ws/build/use_custom_msg -- -j8 -l8
