[  2%] Built target custom_pkg__cpp
[ 11%] Built target custom_pkg__rosidl_generator_c
[ 14%] [32mBuilding CXX object CMakeFiles/msg_pub.dir/src/pub.cpp.o[0m
[ 17%] [32mBuilding CXX object CMakeFiles/msg_sub.dir/src/sub.cpp.o[0m
[ 17%] Built target ament_cmake_python_copy_custom_pkg
[ 25%] Built target custom_pkg__rosidl_typesupport_introspection_c
[ 34%] Built target custom_pkg__rosidl_typesupport_c
[ 42%] Built target custom_pkg__rosidl_typesupport_fastrtps_c
[ 51%] Built target custom_pkg__rosidl_typesupport_cpp
[ 60%] Built target custom_pkg__rosidl_typesupport_fastrtps_cpp
[ 68%] Built target custom_pkg__rosidl_typesupport_introspection_cpp
[ 68%] Built target custom_pkg
[ 71%] Built target custom_pkg__py
[ 77%] Built target custom_pkg__rosidl_generator_py
[ 82%] Built target custom_pkg__rosidl_typesupport_fastrtps_c__pyext
[ 88%] Built target custom_pkg__rosidl_typesupport_introspection_c__pyext
[ 94%] Built target custom_pkg__rosidl_typesupport_c__pyext
running egg_info
writing custom_pkg.egg-info/PKG-INFO
writing dependency_links to custom_pkg.egg-info/dependency_links.txt
writing top-level names to custom_pkg.egg-info/top_level.txt
reading manifest file 'custom_pkg.egg-info/SOURCES.txt'
writing manifest file 'custom_pkg.egg-info/SOURCES.txt'
[ 94%] Built target ament_cmake_python_build_custom_pkg_egg
[01m[K/home/matrix/ros2_ws/src/custom_pkg/src/pub.cpp:7:10:[m[K [01;31m[Kfatal error: [m[Kcustom_pkg/msg/Age.hpp: No such file or directory
    7 | #include [01;31m[K"custom_pkg/msg/Age.hpp"[m[K
      |          [01;31m[K^~~~~~~~~~~~~~~~~~~~~~~~[m[K
compilation terminated.
gmake[2]: *** [CMakeFiles/msg_pub.dir/build.make:76: CMakeFiles/msg_pub.dir/src/pub.cpp.o] Error 1
gmake[1]: *** [CMakeFiles/Makefile2:594: CMakeFiles/msg_pub.dir/all] Error 2
[01m[K/home/matrix/ros2_ws/src/custom_pkg/src/sub.cpp:4:10:[m[K [01;31m[Kfatal error: [m[Kcustom_pkg/msg/Age.hpp: No such file or directory
    4 | #include [01;31m[K"custom_pkg/msg/Age.hpp"[m[K
      |          [01;31m[K^~~~~~~~~~~~~~~~~~~~~~~~[m[K
compilation terminated.
gmake[1]: *** Waiting for unfinished jobs....
gmake[2]: *** [CMakeFiles/msg_sub.dir/build.make:76: CMakeFiles/msg_sub.dir/src/sub.cpp.o] Error 1
gmake[1]: *** [CMakeFiles/Makefile2:620: CMakeFiles/msg_sub.dir/all] Error 2
gmake: *** [Makefile:146: all] Error 2
