-- Found ament_cmake: 1.3.11 (/opt/ros/humble/share/ament_cmake/cmake)
-- Found custom_msg: 0.0.0 (/home/matrix/ros2_ws/install/custom_msg/share/custom_msg/cmake)
-- Found rosidl_generator_c: 3.1.6 (/opt/ros/humble/share/rosidl_generator_c/cmake)
-- Found rosidl_adapter: 3.1.6 (/opt/ros/humble/share/rosidl_adapter/cmake)
-- Found rosidl_generator_cpp: 3.1.6 (/opt/ros/humble/share/rosidl_generator_cpp/cmake)
-- Using all available rosidl_typesupport_c: rosidl_typesupport_fastrtps_c;rosidl_typesupport_introspection_c
-- Using all available rosidl_typesupport_cpp: rosidl_typesupport_fastrtps_cpp;rosidl_typesupport_introspection_cpp
-- Found rclcpp: 16.0.11 (/opt/ros/humble/share/rclcpp/cmake)
-- Found rmw_implementation_cmake: 6.1.2 (/opt/ros/humble/share/rmw_implementation_cmake/cmake)
-- Found rmw_fastrtps_cpp: 6.2.7 (/opt/ros/humble/share/rmw_fastrtps_cpp/cmake)
-- Using RMW implementation 'rmw_fastrtps_cpp' as default
-- Found ament_lint_auto: 0.12.11 (/opt/ros/humble/share/ament_lint_auto/cmake)
-- Added test 'cppcheck' to perform static code analysis on C / C++ code
-- Configured cppcheck include dirs: 
-- Configured cppcheck exclude dirs and/or files: 
-- Added test 'lint_cmake' to check CMake code style
-- Added test 'uncrustify' to check C / C++ code style
-- Configured uncrustify additional arguments: 
-- Added test 'xmllint' to check XML markup files
-- Configuring done
-- Generating done
-- Build files have been written to: /home/matrix/ros2_ws/build/use_custom_msg
[35m[1mConsolidate compiler generated dependencies of target custom_listner[0m
[35m[1mConsolidate compiler generated dependencies of target custom_talker[0m
[ 25%] [32mBuilding CXX object CMakeFiles/custom_talker.dir/src/pub.cpp.o[0m
[ 50%] [32mBuilding CXX object CMakeFiles/custom_listner.dir/src/sub.cpp.o[0m
[01m[K/home/matrix/ros2_ws/src/use_custom_msg/src/pub.cpp:[m[K In member function â€˜[01m[Kvoid MinimalPublisher::timer_callback()[m[Kâ€™:
[01m[K/home/matrix/ros2_ws/src/use_custom_msg/src/pub.cpp:29:15:[m[K [01;31m[Kerror: [m[Kâ€˜[01m[Kstruct custom_msg::msg::Age_<std::allocator<void> >[m[Kâ€™ has no member named â€˜[01m[Kyears[m[Kâ€™; did you mean â€˜[01m[Kyear[m[Kâ€™?
   29 |       message.[01;31m[Kyears[m[K = 1999;
      |               [01;31m[K^~~~~[m[K
      |               [32m[Kyear[m[K
[01m[K/home/matrix/ros2_ws/src/use_custom_msg/src/pub.cpp:30:15:[m[K [01;31m[Kerror: [m[Kâ€˜[01m[Kstruct custom_msg::msg::Age_<std::allocator<void> >[m[Kâ€™ has no member named â€˜[01m[Kmonths[m[Kâ€™; did you mean â€˜[01m[Kmonth[m[Kâ€™?
   30 |       message.[01;31m[Kmonths[m[K = 8;
      |               [01;31m[K^~~~~~[m[K
      |               [32m[Kmonth[m[K
[01m[K/home/matrix/ros2_ws/src/use_custom_msg/src/pub.cpp:31:15:[m[K [01;31m[Kerror: [m[Kâ€˜[01m[Kstruct custom_msg::msg::Age_<std::allocator<void> >[m[Kâ€™ has no member named â€˜[01m[Kdays[m[Kâ€™; did you mean â€˜[01m[Kday[m[Kâ€™?
   31 |       message.[01;31m[Kdays[m[K = 25;
      |               [01;31m[K^~~~[m[K
      |               [32m[Kday[m[K
[01m[K/home/matrix/ros2_ws/src/use_custom_msg/src/pub.cpp:33:15:[m[K [01;31m[Kerror: [m[Kâ€˜[01m[Kstruct custom_msg::msg::Age_<std::allocator<void> >[m[Kâ€™ has no member named â€˜[01m[Kdata[m[Kâ€™
   33 |       message.[01;31m[Kdata[m[K = "Hello, Mr-Matrix! " + std::to_string(count_++);
      |               [01;31m[K^~~~[m[K
[01m[K/home/matrix/ros2_ws/src/use_custom_msg/src/pub.cpp:33:60:[m[K [01;31m[Kerror: [m[Kâ€˜[01m[Kcount_[m[Kâ€™ was not declared in this scope
   33 |       message.data = "Hello, Mr-Matrix! " + std::to_string([01;31m[Kcount_[m[K++);
      |                                                            [01;31m[K^~~~~~[m[K
In file included from [01m[K/opt/ros/humble/include/rclcpp/rclcpp/logging.hpp:24[m[K,
                 from [01m[K/opt/ros/humble/include/rclcpp/rclcpp/client.hpp:40[m[K,
                 from [01m[K/opt/ros/humble/include/rclcpp/rclcpp/callback_group.hpp:24[m[K,
                 from [01m[K/opt/ros/humble/include/rclcpp/rclcpp/any_executable.hpp:20[m[K,
                 from [01m[K/opt/ros/humble/include/rclcpp/rclcpp/memory_strategy.hpp:25[m[K,
                 from [01m[K/opt/ros/humble/include/rclcpp/rclcpp/memory_strategies.hpp:18[m[K,
                 from [01m[K/opt/ros/humble/include/rclcpp/rclcpp/executor_options.hpp:20[m[K,
                 from [01m[K/opt/ros/humble/include/rclcpp/rclcpp/executor.hpp:37[m[K,
                 from [01m[K/opt/ros/humble/include/rclcpp/rclcpp/executors/multi_threaded_executor.hpp:25[m[K,
                 from [01m[K/opt/ros/humble/include/rclcpp/rclcpp/executors.hpp:21[m[K,
                 from [01m[K/opt/ros/humble/include/rclcpp/rclcpp/rclcpp.hpp:155[m[K,
                 from [01m[K/home/matrix/ros2_ws/src/use_custom_msg/src/sub.cpp:3[m[K:
[01m[K/home/matrix/ros2_ws/src/use_custom_msg/src/sub.cpp:[m[K In member function â€˜[01m[Kvoid MinimalSubscriber::topic_callback(const Age&) const[m[Kâ€™:
[01m[K/home/matrix/ros2_ws/src/use_custom_msg/src/sub.cpp:21:67:[m[K [01;31m[Kerror: [m[Kâ€˜[01m[Kmessage[m[Kâ€™ was not declared in this scope
   21 |       RCLCPP_INFO(this->get_logger(), "I heard: '%f', '%f','%f'", [01;31m[Kmessage[m[K.day, message.month, message.year);
      |                                                                   [01;31m[K^~~~~~~[m[K
[01m[K/home/matrix/ros2_ws/src/use_custom_msg/src/sub.cpp:19:54:[m[K [01;35m[Kwarning: [m[Kunused parameter â€˜[01m[Kmsg[m[Kâ€™ [[01;35m[K]8;;https://gcc.gnu.org/onlinedocs/gcc/Warning-Options.html#index-Wunused-parameter-Wunused-parameter]8;;[m[K]
   19 |     void topic_callback([01;35m[Kconst custom_msg::msg::Age & msg[m[K) const
      |                         [01;35m[K~~~~~~~~~~~~~~~~~~~~~~~~~~~~~^~~[m[K
gmake[2]: *** [CMakeFiles/custom_talker.dir/build.make:76: CMakeFiles/custom_talker.dir/src/pub.cpp.o] Error 1
gmake[1]: *** [CMakeFiles/Makefile2:165: CMakeFiles/custom_talker.dir/all] Error 2
gmake[1]: *** Waiting for unfinished jobs....
gmake[2]: *** [CMakeFiles/custom_listner.dir/build.make:76: CMakeFiles/custom_listner.dir/src/sub.cpp.o] Error 1
gmake[1]: *** [CMakeFiles/Makefile2:139: CMakeFiles/custom_listner.dir/all] Error 2
gmake: *** [Makefile:146: all] Error 2
