[0.094s] Invoking command in '/home/matrix/ros2_ws/build/custom_pkg': CMAKE_PREFIX_PATH=${CMAKE_PREFIX_PATH}:/home/matrix/ros2_ws/install/py_node:/opt/ros/humble /usr/bin/cmake --build /home/matrix/ros2_ws/build/custom_pkg -- -j8 -l8
[0.307s] -- Found ament_cmake: 1.3.11 (/opt/ros/humble/share/ament_cmake/cmake)
[0.785s] -- Found rosidl_default_generators: 1.2.0 (/opt/ros/humble/share/rosidl_default_generators/cmake)
[0.791s] -- Using all available rosidl_typesupport_c: rosidl_typesupport_fastrtps_c;rosidl_typesupport_introspection_c
[0.805s] -- Found rosidl_adapter: 3.1.6 (/opt/ros/humble/share/rosidl_adapter/cmake)
[0.901s] -- Using all available rosidl_typesupport_cpp: rosidl_typesupport_fastrtps_cpp;rosidl_typesupport_introspection_cpp
[0.999s] -- Found std_msgs: 4.2.4 (/opt/ros/humble/share/std_msgs/cmake)
[1.065s] -- Found rclcpp: 16.0.11 (/opt/ros/humble/share/rclcpp/cmake)
[1.135s] -- Found rmw_implementation_cmake: 6.1.2 (/opt/ros/humble/share/rmw_implementation_cmake/cmake)
[1.139s] -- Found rmw_fastrtps_cpp: 6.2.7 (/opt/ros/humble/share/rmw_fastrtps_cpp/cmake)
[1.464s] -- Using RMW implementation 'rmw_fastrtps_cpp' as default
[2.361s] -- Found ament_cmake_ros: 0.10.0 (/opt/ros/humble/share/ament_cmake_ros/cmake)
[3.068s] -- Using all available rosidl_typesupport_c: rosidl_typesupport_fastrtps_c;rosidl_typesupport_introspection_c
[4.216s] -- Using all available rosidl_typesupport_cpp: rosidl_typesupport_fastrtps_cpp;rosidl_typesupport_introspection_cpp
[4.292s] -- Found python_cmake_module: 0.10.0 (/opt/ros/humble/share/python_cmake_module/cmake)
[4.366s] -- Using PYTHON_EXECUTABLE: /usr/bin/python3
[4.367s] -- Using PYTHON_INCLUDE_DIRS: /usr/include/python3.10
[4.367s] -- Using PYTHON_LIBRARIES: /usr/lib/x86_64-linux-gnu/libpython3.10.so
[4.456s] -- Found ament_lint_auto: 0.12.11 (/opt/ros/humble/share/ament_lint_auto/cmake)
[4.751s] -- Added test 'cppcheck' to perform static code analysis on C / C++ code
[4.752s] -- Configured cppcheck include dirs: 
[4.753s] -- Configured cppcheck exclude dirs and/or files: 
[4.786s] -- Added test 'flake8' to check Python code syntax and style conventions
[4.852s] -- Added test 'lint_cmake' to check CMake code style
[4.888s] -- Added test 'pep257' to check Python code against some of the docstring style conventions in PEP 257
[5.146s] -- Added test 'uncrustify' to check C / C++ code style
[5.148s] -- Configured uncrustify additional arguments: 
[5.179s] -- Added test 'xmllint' to check XML markup files
[5.188s] -- Configuring done
[5.388s] -- Generating done
[5.424s] -- Build files have been written to: /home/matrix/ros2_ws/build/custom_pkg
[5.564s] [35m[1mConsolidate compiler generated dependencies of target custom_pkg__rosidl_generator_c[0m
[5.651s] [  2%] Built target custom_pkg__cpp
[5.655s] [  5%] [32mBuilding CXX object CMakeFiles/msg_pub.dir/src/pub.cpp.o[0m
[5.661s] [  8%] [32mBuilding CXX object CMakeFiles/msg_sub.dir/src/sub.cpp.o[0m
[5.672s] [ 17%] Built target custom_pkg__rosidl_generator_c
[5.733s] [ 17%] Built target ament_cmake_python_copy_custom_pkg
[5.749s] [35m[1mConsolidate compiler generated dependencies of target custom_pkg__rosidl_typesupport_cpp[0m
[5.756s] [35m[1mConsolidate compiler generated dependencies of target custom_pkg__rosidl_typesupport_introspection_cpp[0m
[5.809s] [35m[1mConsolidate compiler generated dependencies of target custom_pkg__rosidl_typesupport_introspection_c[0m
[5.835s] [35m[1mConsolidate compiler generated dependencies of target custom_pkg__rosidl_typesupport_fastrtps_c[0m
[5.854s] [35m[1mConsolidate compiler generated dependencies of target custom_pkg__rosidl_typesupport_fastrtps_cpp[0m
[5.871s] [35m[1mConsolidate compiler generated dependencies of target custom_pkg__rosidl_typesupport_c[0m
[5.918s] [ 25%] Built target custom_pkg__rosidl_typesupport_cpp
[5.935s] [ 34%] Built target custom_pkg__rosidl_typesupport_introspection_cpp
[5.970s] [ 42%] Built target custom_pkg__rosidl_typesupport_introspection_c
[6.013s] [ 51%] Built target custom_pkg__rosidl_typesupport_fastrtps_c
[6.043s] [ 60%] Built target custom_pkg__rosidl_typesupport_c
[6.052s] [ 68%] Built target custom_pkg__rosidl_typesupport_fastrtps_cpp
[6.238s] [ 68%] Built target custom_pkg
[6.491s] [ 71%] Built target custom_pkg__py
[6.564s] [35m[1mConsolidate compiler generated dependencies of target custom_pkg__rosidl_generator_py[0m
[6.670s] [ 77%] Built target custom_pkg__rosidl_generator_py
[6.767s] [35m[1mConsolidate compiler generated dependencies of target custom_pkg__rosidl_typesupport_introspection_c__pyext[0m
[6.772s] [35m[1mConsolidate compiler generated dependencies of target custom_pkg__rosidl_typesupport_fastrtps_c__pyext[0m
[6.775s] [35m[1mConsolidate compiler generated dependencies of target custom_pkg__rosidl_typesupport_c__pyext[0m
[6.925s] [ 82%] Built target custom_pkg__rosidl_typesupport_fastrtps_c__pyext
[6.931s] [ 88%] Built target custom_pkg__rosidl_typesupport_c__pyext
[6.951s] [ 94%] Built target custom_pkg__rosidl_typesupport_introspection_c__pyext
[7.162s] running egg_info
[7.164s] writing custom_pkg.egg-info/PKG-INFO
[7.165s] writing dependency_links to custom_pkg.egg-info/dependency_links.txt
[7.166s] writing top-level names to custom_pkg.egg-info/top_level.txt
[7.174s] reading manifest file 'custom_pkg.egg-info/SOURCES.txt'
[7.174s] writing manifest file 'custom_pkg.egg-info/SOURCES.txt'
[7.253s] [ 94%] Built target ament_cmake_python_build_custom_pkg_egg
[8.146s] [01m[K/home/matrix/ros2_ws/src/custom_pkg/src/pub.cpp:7:10:[m[K [01;31m[Kfatal error: [m[Kcustom_pkg/msg/Age.hpp: No such file or directory
[8.147s]     7 | #include [01;31m[K"custom_pkg/msg/Age.hpp"[m[K
[8.150s]       |          [01;31m[K^~~~~~~~~~~~~~~~~~~~~~~~[m[K
[8.153s] compilation terminated.
[8.159s] gmake[2]: *** [CMakeFiles/msg_pub.dir/build.make:76: CMakeFiles/msg_pub.dir/src/pub.cpp.o] Error 1
[8.163s] gmake[1]: *** [CMakeFiles/Makefile2:594: CMakeFiles/msg_pub.dir/all] Error 2
[8.163s] gmake[1]: *** Waiting for unfinished jobs....
[8.310s] [01m[K/home/matrix/ros2_ws/src/custom_pkg/src/sub.cpp:4:10:[m[K [01;31m[Kfatal error: [m[Kcustom_pkg/msg/Age.hpp: No such file or directory
[8.310s]     4 | #include [01;31m[K"custom_pkg/msg/Age.hpp"[m[K
[8.313s]       |          [01;31m[K^~~~~~~~~~~~~~~~~~~~~~~~[m[K
[8.313s] compilation terminated.
[8.318s] gmake[2]: *** [CMakeFiles/msg_sub.dir/build.make:76: CMakeFiles/msg_sub.dir/src/sub.cpp.o] Error 1
[8.320s] gmake[1]: *** [CMakeFiles/Makefile2:620: CMakeFiles/msg_sub.dir/all] Error 2
[8.321s] gmake: *** [Makefile:146: all] Error 2
[8.334s] Invoked command in '/home/matrix/ros2_ws/build/custom_pkg' returned '2': CMAKE_PREFIX_PATH=${CMAKE_PREFIX_PATH}:/home/matrix/ros2_ws/install/py_node:/opt/ros/humble /usr/bin/cmake --build /home/matrix/ros2_ws/build/custom_pkg -- -j8 -l8
