[0.104s] Invoking command in '/home/matrix/ros2_ws/build/custom_pkg': CMAKE_PREFIX_PATH=${CMAKE_PREFIX_PATH}:/home/matrix/ros2_ws/install/py_node:/opt/ros/humble /usr/bin/cmake --build /home/matrix/ros2_ws/build/custom_pkg -- -j8 -l8
[0.624s] [  2%] [32mBuilding CXX object CMakeFiles/msg_pub.dir/src/pub.cpp.o[0m
[0.650s] [  5%] [32mBuilding CXX object CMakeFiles/msg_sub.dir/src/sub.cpp.o[0m
[0.684s] [  8%] Built target custom_pkg__cpp
[0.763s] [ 17%] Built target custom_pkg__rosidl_generator_c
[0.779s] [ 17%] Built target ament_cmake_python_copy_custom_pkg
[1.067s] [ 25%] Built target custom_pkg__rosidl_typesupport_cpp
[1.069s] [ 34%] Built target custom_pkg__rosidl_typesupport_introspection_cpp
[1.096s] [ 42%] Built target custom_pkg__rosidl_typesupport_fastrtps_cpp
[1.153s] [ 51%] Built target custom_pkg__rosidl_typesupport_introspection_c
[1.177s] [ 60%] Built target custom_pkg__rosidl_typesupport_fastrtps_c
[1.188s] [ 68%] Built target custom_pkg__rosidl_typesupport_c
[1.428s] [ 68%] Built target custom_pkg
[1.692s] [ 71%] Built target custom_pkg__py
[1.979s] [ 77%] Built target custom_pkg__rosidl_generator_py
[2.371s] [ 82%] Built target custom_pkg__rosidl_typesupport_introspection_c__pyext
[2.458s] [ 88%] Built target custom_pkg__rosidl_typesupport_fastrtps_c__pyext
[2.459s] [ 94%] Built target custom_pkg__rosidl_typesupport_c__pyext
[2.919s] running egg_info
[2.923s] writing custom_pkg.egg-info/PKG-INFO
[2.927s] writing dependency_links to custom_pkg.egg-info/dependency_links.txt
[2.928s] writing top-level names to custom_pkg.egg-info/top_level.txt
[2.939s] reading manifest file 'custom_pkg.egg-info/SOURCES.txt'
[2.941s] writing manifest file 'custom_pkg.egg-info/SOURCES.txt'
[3.111s] [ 94%] Built target ament_cmake_python_build_custom_pkg_egg
[4.111s] [01m[K/home/matrix/ros2_ws/src/custom_pkg/src/sub.cpp:4:10:[m[K [01;31m[Kfatal error: [m[Kcustom_pkg/msg/Age.hpp: No such file or directory
[4.112s]     4 | #include [01;31m[K"custom_pkg/msg/Age.hpp"[m[K
[4.112s]       |          [01;31m[K^~~~~~~~~~~~~~~~~~~~~~~~[m[K
[4.116s] compilation terminated.
[4.121s] gmake[2]: *** [CMakeFiles/msg_sub.dir/build.make:76: CMakeFiles/msg_sub.dir/src/sub.cpp.o] Error 1
[4.121s] gmake[1]: *** [CMakeFiles/Makefile2:210: CMakeFiles/msg_sub.dir/all] Error 2
[4.126s] gmake[1]: *** Waiting for unfinished jobs....
[4.226s] [01m[K/home/matrix/ros2_ws/src/custom_pkg/src/pub.cpp:7:10:[m[K [01;31m[Kfatal error: [m[Kcustom_pkg/msg/Age.hpp: No such file or directory
[4.226s]     7 | #include [01;31m[K"custom_pkg/msg/Age.hpp"[m[K
[4.227s]       |          [01;31m[K^~~~~~~~~~~~~~~~~~~~~~~~[m[K
[4.228s] compilation terminated.
[4.233s] gmake[2]: *** [CMakeFiles/msg_pub.dir/build.make:76: CMakeFiles/msg_pub.dir/src/pub.cpp.o] Error 1
[4.234s] gmake[1]: *** [CMakeFiles/Makefile2:184: CMakeFiles/msg_pub.dir/all] Error 2
[4.237s] gmake: *** [Makefile:146: all] Error 2
[4.251s] Invoked command in '/home/matrix/ros2_ws/build/custom_pkg' returned '2': CMAKE_PREFIX_PATH=${CMAKE_PREFIX_PATH}:/home/matrix/ros2_ws/install/py_node:/opt/ros/humble /usr/bin/cmake --build /home/matrix/ros2_ws/build/custom_pkg -- -j8 -l8
