[0.126s] Invoking command in '/home/matrix/ros2_ws/build/custom_pkg': CMAKE_PREFIX_PATH=${CMAKE_PREFIX_PATH}:/home/matrix/ros2_ws/install/py_node:/opt/ros/humble /usr/bin/cmake --build /home/matrix/ros2_ws/build/custom_pkg -- -j8 -l8
[0.738s] [  2%] [32mBuilding CXX object CMakeFiles/msg_pub.dir/src/pub.cpp.o[0m
[0.784s] [  5%] [32mBuilding CXX object CMakeFiles/msg_sub.dir/src/sub.cpp.o[0m
[0.827s] [ 14%] Built target custom_pkg__rosidl_generator_c
[0.854s] [ 17%] Built target custom_pkg__cpp
[1.211s] [ 25%] Built target custom_pkg__rosidl_typesupport_c
[1.230s] [ 34%] Built target custom_pkg__rosidl_typesupport_fastrtps_c
[1.327s] [ 34%] Built target ament_cmake_python_copy_custom_pkg
[1.612s] [ 42%] Built target custom_pkg__rosidl_typesupport_cpp
[1.612s] [ 51%] Built target custom_pkg__rosidl_typesupport_fastrtps_cpp
[1.669s] [ 60%] Built target custom_pkg__rosidl_typesupport_introspection_cpp
[1.933s] [ 68%] Built target custom_pkg__rosidl_typesupport_introspection_c
[2.189s] [ 68%] Built target custom_pkg
[2.443s] [ 71%] Built target custom_pkg__py
[2.788s] [ 77%] Built target custom_pkg__rosidl_generator_py
[3.239s] [ 82%] Built target custom_pkg__rosidl_typesupport_introspection_c__pyext
[3.295s] [ 88%] Built target custom_pkg__rosidl_typesupport_fastrtps_c__pyext
[3.309s] [ 94%] Built target custom_pkg__rosidl_typesupport_c__pyext
[3.658s] running egg_info
[3.665s] writing custom_pkg.egg-info/PKG-INFO
[3.666s] writing dependency_links to custom_pkg.egg-info/dependency_links.txt
[3.667s] writing top-level names to custom_pkg.egg-info/top_level.txt
[3.681s] reading manifest file 'custom_pkg.egg-info/SOURCES.txt'
[3.681s] writing manifest file 'custom_pkg.egg-info/SOURCES.txt'
[3.858s] [ 94%] Built target ament_cmake_python_build_custom_pkg_egg
[5.118s] [01m[K/home/matrix/ros2_ws/src/custom_pkg/src/pub.cpp:7:10:[m[K [01;31m[Kfatal error: [m[Kcustom_pkg/msg/Age.h: No such file or directory
[5.119s]     7 | #include [01;31m[K"custom_pkg/msg/Age.h"[m[K
[5.119s]       |          [01;31m[K^~~~~~~~~~~~~~~~~~~~~~[m[K
[5.119s] compilation terminated.
[5.128s] gmake[2]: *** [CMakeFiles/msg_pub.dir/build.make:76: CMakeFiles/msg_pub.dir/src/pub.cpp.o] Error 1
[5.129s] gmake[1]: *** [CMakeFiles/Makefile2:184: CMakeFiles/msg_pub.dir/all] Error 2
[5.129s] gmake[1]: *** Waiting for unfinished jobs....
[5.157s] [01m[K/home/matrix/ros2_ws/src/custom_pkg/src/sub.cpp:4:10:[m[K [01;31m[Kfatal error: [m[Kcustom_pkg/msg/Age.h: No such file or directory
[5.157s]     4 | #include [01;31m[K"custom_pkg/msg/Age.h"[m[K
[5.158s]       |          [01;31m[K^~~~~~~~~~~~~~~~~~~~~~[m[K
[5.158s] compilation terminated.
[5.166s] gmake[2]: *** [CMakeFiles/msg_sub.dir/build.make:76: CMakeFiles/msg_sub.dir/src/sub.cpp.o] Error 1
[5.171s] gmake[1]: *** [CMakeFiles/Makefile2:210: CMakeFiles/msg_sub.dir/all] Error 2
[5.172s] gmake: *** [Makefile:146: all] Error 2
[5.186s] Invoked command in '/home/matrix/ros2_ws/build/custom_pkg' returned '2': CMAKE_PREFIX_PATH=${CMAKE_PREFIX_PATH}:/home/matrix/ros2_ws/install/py_node:/opt/ros/humble /usr/bin/cmake --build /home/matrix/ros2_ws/build/custom_pkg -- -j8 -l8
