[0.139s] Invoking command in '/home/matrix/ros2_ws/build/custom_pkg': CMAKE_PREFIX_PATH=${CMAKE_PREFIX_PATH}:/home/matrix/ros2_ws/install/py_node:/opt/ros/humble /usr/bin/cmake --build /home/matrix/ros2_ws/build/custom_pkg -- -j8 -l8
[0.805s] [  2%] [32mBuilding CXX object CMakeFiles/msg_pub.dir/src/pub.cpp.o[0m
[0.820s] [  5%] Built target custom_pkg__cpp
[0.971s] [  8%] [32mBuilding CXX object CMakeFiles/msg_sub.dir/src/sub.cpp.o[0m
[1.016s] [ 17%] Built target custom_pkg__rosidl_generator_c
[1.264s] [ 17%] Built target ament_cmake_python_copy_custom_pkg
[1.367s] [ 25%] Built target custom_pkg__rosidl_typesupport_cpp
[1.431s] [ 34%] Built target custom_pkg__rosidl_typesupport_fastrtps_cpp
[1.518s] [ 42%] Built target custom_pkg__rosidl_typesupport_introspection_cpp
[1.541s] [ 51%] Built target custom_pkg__rosidl_typesupport_fastrtps_c
[1.633s] [ 60%] Built target custom_pkg__rosidl_typesupport_introspection_c
[1.733s] [ 68%] Built target custom_pkg__rosidl_typesupport_c
[2.143s] [ 68%] Built target custom_pkg
[2.515s] [ 71%] Built target custom_pkg__py
[2.886s] [ 77%] Built target custom_pkg__rosidl_generator_py
[3.259s] [ 82%] Built target custom_pkg__rosidl_typesupport_fastrtps_c__pyext
[3.308s] [ 91%] Built target custom_pkg__rosidl_typesupport_introspection_c__pyext
[3.314s] [ 94%] Built target custom_pkg__rosidl_typesupport_c__pyext
[3.939s] running egg_info
[3.944s] writing custom_pkg.egg-info/PKG-INFO
[3.945s] writing dependency_links to custom_pkg.egg-info/dependency_links.txt
[3.947s] writing top-level names to custom_pkg.egg-info/top_level.txt
[3.958s] reading manifest file 'custom_pkg.egg-info/SOURCES.txt'
[3.965s] writing manifest file 'custom_pkg.egg-info/SOURCES.txt'
[4.145s] [ 94%] Built target ament_cmake_python_build_custom_pkg_egg
[5.401s] [01m[K/home/matrix/ros2_ws/src/custom_pkg/src/sub.cpp:4:10:[m[K [01;31m[Kfatal error: [m[Kcustom_pkg/msg/Age: No such file or directory
[5.402s]     4 | #include [01;31m[K"custom_pkg/msg/Age"[m[K
[5.402s]       |          [01;31m[K^~~~~~~~~~~~~~~~~~~~[m[K
[5.402s] compilation terminated.
[5.408s] gmake[2]: *** [CMakeFiles/msg_sub.dir/build.make:76: CMakeFiles/msg_sub.dir/src/sub.cpp.o] Error 1
[5.416s] gmake[1]: *** [CMakeFiles/Makefile2:210: CMakeFiles/msg_sub.dir/all] Error 2
[5.417s] gmake[1]: *** Waiting for unfinished jobs....
[5.530s] [01m[K/home/matrix/ros2_ws/src/custom_pkg/src/pub.cpp:7:10:[m[K [01;31m[Kfatal error: [m[Kcustom_pkg/msg/Age: No such file or directory
[5.531s]     7 | #include [01;31m[K"custom_pkg/msg/Age"[m[K
[5.531s]       |          [01;31m[K^~~~~~~~~~~~~~~~~~~~[m[K
[5.532s] compilation terminated.
[5.543s] gmake[2]: *** [CMakeFiles/msg_pub.dir/build.make:76: CMakeFiles/msg_pub.dir/src/pub.cpp.o] Error 1
[5.545s] gmake[1]: *** [CMakeFiles/Makefile2:184: CMakeFiles/msg_pub.dir/all] Error 2
[5.546s] gmake: *** [Makefile:146: all] Error 2
[5.567s] Invoked command in '/home/matrix/ros2_ws/build/custom_pkg' returned '2': CMAKE_PREFIX_PATH=${CMAKE_PREFIX_PATH}:/home/matrix/ros2_ws/install/py_node:/opt/ros/humble /usr/bin/cmake --build /home/matrix/ros2_ws/build/custom_pkg -- -j8 -l8
