-- Found ament_cmake: 1.3.11 (/opt/ros/humble/share/ament_cmake/cmake)
-- Found rosidl_default_generators: 1.2.0 (/opt/ros/humble/share/rosidl_default_generators/cmake)
-- Using all available rosidl_typesupport_c: rosidl_typesupport_fastrtps_c;rosidl_typesupport_introspection_c
-- Found rosidl_adapter: 3.1.6 (/opt/ros/humble/share/rosidl_adapter/cmake)
-- Using all available rosidl_typesupport_cpp: rosidl_typesupport_fastrtps_cpp;rosidl_typesupport_introspection_cpp
-- Found std_msgs: 4.2.4 (/opt/ros/humble/share/std_msgs/cmake)
-- Found rclcpp: 16.0.11 (/opt/ros/humble/share/rclcpp/cmake)
-- Found rmw_implementation_cmake: 6.1.2 (/opt/ros/humble/share/rmw_implementation_cmake/cmake)
-- Found rmw_fastrtps_cpp: 6.2.7 (/opt/ros/humble/share/rmw_fastrtps_cpp/cmake)
-- Using RMW implementation 'rmw_fastrtps_cpp' as default
-- Found ament_cmake_ros: 0.10.0 (/opt/ros/humble/share/ament_cmake_ros/cmake)
-- Using all available rosidl_typesupport_c: rosidl_typesupport_fastrtps_c;rosidl_typesupport_introspection_c
-- Using all available rosidl_typesupport_cpp: rosidl_typesupport_fastrtps_cpp;rosidl_typesupport_introspection_cpp
-- Found python_cmake_module: 0.10.0 (/opt/ros/humble/share/python_cmake_module/cmake)
-- Using PYTHON_EXECUTABLE: /usr/bin/python3
-- Using PYTHON_INCLUDE_DIRS: /usr/include/python3.10
-- Using PYTHON_LIBRARIES: /usr/lib/x86_64-linux-gnu/libpython3.10.so
-- Found ament_lint_auto: 0.12.11 (/opt/ros/humble/share/ament_lint_auto/cmake)
-- Added test 'cppcheck' to perform static code analysis on C / C++ code
-- Configured cppcheck include dirs: 
-- Configured cppcheck exclude dirs and/or files: 
-- Added test 'flake8' to check Python code syntax and style conventions
-- Added test 'lint_cmake' to check CMake code style
-- Added test 'pep257' to check Python code against some of the docstring style conventions in PEP 257
-- Added test 'uncrustify' to check C / C++ code style
-- Configured uncrustify additional arguments: 
-- Added test 'xmllint' to check XML markup files
-- Configuring done
-- Generating done
-- Build files have been written to: /home/matrix/ros2_ws/build/custom_pkg
[35m[1mConsolidate compiler generated dependencies of target custom_pkg__rosidl_generator_c[0m
[  2%] Built target custom_pkg__cpp
[  5%] [32mBuilding CXX object CMakeFiles/msg_sub.dir/src/sub.cpp.o[0m
[  8%] [32mBuilding CXX object CMakeFiles/msg_pub.dir/src/pub.cpp.o[0m
[ 17%] Built target custom_pkg__rosidl_generator_c
[ 17%] Built target ament_cmake_python_copy_custom_pkg
[35m[1mConsolidate compiler generated dependencies of target custom_pkg__rosidl_typesupport_fastrtps_cpp[0m
[35m[1mConsolidate compiler generated dependencies of target custom_pkg__rosidl_typesupport_introspection_c[0m
[35m[1mConsolidate compiler generated dependencies of target custom_pkg__rosidl_typesupport_fastrtps_c[0m
[35m[1mConsolidate compiler generated dependencies of target custom_pkg__rosidl_typesupport_cpp[0m
[35m[1mConsolidate compiler generated dependencies of target custom_pkg__rosidl_typesupport_introspection_cpp[0m
[35m[1mConsolidate compiler generated dependencies of target custom_pkg__rosidl_typesupport_c[0m
[ 25%] Built target custom_pkg__rosidl_typesupport_fastrtps_cpp
[ 34%] Built target custom_pkg__rosidl_typesupport_fastrtps_c
[ 42%] Built target custom_pkg__rosidl_typesupport_introspection_c
[ 51%] Built target custom_pkg__rosidl_typesupport_introspection_cpp
[ 60%] Built target custom_pkg__rosidl_typesupport_c
[ 68%] Built target custom_pkg__rosidl_typesupport_cpp
[ 68%] Built target custom_pkg
[ 71%] Built target custom_pkg__py
[35m[1mConsolidate compiler generated dependencies of target custom_pkg__rosidl_generator_py[0m
[ 77%] Built target custom_pkg__rosidl_generator_py
[35m[1mConsolidate compiler generated dependencies of target custom_pkg__rosidl_typesupport_introspection_c__pyext[0m
[35m[1mConsolidate compiler generated dependencies of target custom_pkg__rosidl_typesupport_fastrtps_c__pyext[0m
[35m[1mConsolidate compiler generated dependencies of target custom_pkg__rosidl_typesupport_c__pyext[0m
[ 82%] Built target custom_pkg__rosidl_typesupport_introspection_c__pyext
[ 88%] Built target custom_pkg__rosidl_typesupport_c__pyext
[ 94%] Built target custom_pkg__rosidl_typesupport_fastrtps_c__pyext
running egg_info
writing custom_pkg.egg-info/PKG-INFO
writing dependency_links to custom_pkg.egg-info/dependency_links.txt
writing top-level names to custom_pkg.egg-info/top_level.txt
reading manifest file 'custom_pkg.egg-info/SOURCES.txt'
writing manifest file 'custom_pkg.egg-info/SOURCES.txt'
[ 94%] Built target ament_cmake_python_build_custom_pkg_egg
[01m[K/home/matrix/ros2_ws/src/custom_pkg/src/pub.cpp:7:10:[m[K [01;31m[Kfatal error: [m[Kcustom_pkg/msg/Age.hpp: No such file or directory
    7 | #include [01;31m[K"custom_pkg/msg/Age.hpp"[m[K
      |          [01;31m[K^~~~~~~~~~~~~~~~~~~~~~~~[m[K
compilation terminated.
[01m[K/home/matrix/ros2_ws/src/custom_pkg/src/sub.cpp:4:10:[m[K [01;31m[Kfatal error: [m[Kcustom_pkg/msg/Age.hpp: No such file or directory
    4 | #include [01;31m[K"custom_pkg/msg/Age.hpp"[m[K
      |          [01;31m[K^~~~~~~~~~~~~~~~~~~~~~~~[m[K
compilation terminated.
gmake[2]: *** [CMakeFiles/msg_pub.dir/build.make:76: CMakeFiles/msg_pub.dir/src/pub.cpp.o] Error 1
gmake[1]: *** [CMakeFiles/Makefile2:594: CMakeFiles/msg_pub.dir/all] Error 2
gmake[1]: *** Waiting for unfinished jobs....
gmake[2]: *** [CMakeFiles/msg_sub.dir/build.make:76: CMakeFiles/msg_sub.dir/src/sub.cpp.o] Error 1
gmake[1]: *** [CMakeFiles/Makefile2:620: CMakeFiles/msg_sub.dir/all] Error 2
gmake: *** [Makefile:146: all] Error 2
