[0.106s] Invoking command in '/home/matrix/ros2_ws/build/custom_pkg': CMAKE_PREFIX_PATH=${CMAKE_PREFIX_PATH}:/home/matrix/ros2_ws/install/py_node:/opt/ros/humble /usr/bin/cmake --build /home/matrix/ros2_ws/build/custom_pkg -- -j8 -l8
[0.232s] -- Found ament_cmake: 1.3.11 (/opt/ros/humble/share/ament_cmake/cmake)
[0.635s] -- Found rosidl_default_generators: 1.2.0 (/opt/ros/humble/share/rosidl_default_generators/cmake)
[0.640s] -- Using all available rosidl_typesupport_c: rosidl_typesupport_fastrtps_c;rosidl_typesupport_introspection_c
[0.655s] -- Found rosidl_adapter: 3.1.6 (/opt/ros/humble/share/rosidl_adapter/cmake)
[0.758s] -- Using all available rosidl_typesupport_cpp: rosidl_typesupport_fastrtps_cpp;rosidl_typesupport_introspection_cpp
[0.844s] -- Found std_msgs: 4.2.4 (/opt/ros/humble/share/std_msgs/cmake)
[0.900s] -- Found rclcpp: 16.0.11 (/opt/ros/humble/share/rclcpp/cmake)
[0.969s] -- Found rmw_implementation_cmake: 6.1.2 (/opt/ros/humble/share/rmw_implementation_cmake/cmake)
[0.971s] -- Found rmw_fastrtps_cpp: 6.2.7 (/opt/ros/humble/share/rmw_fastrtps_cpp/cmake)
[1.305s] -- Using RMW implementation 'rmw_fastrtps_cpp' as default
[2.161s] -- Found ament_cmake_ros: 0.10.0 (/opt/ros/humble/share/ament_cmake_ros/cmake)
[2.932s] -- Using all available rosidl_typesupport_c: rosidl_typesupport_fastrtps_c;rosidl_typesupport_introspection_c
[3.880s] -- Using all available rosidl_typesupport_cpp: rosidl_typesupport_fastrtps_cpp;rosidl_typesupport_introspection_cpp
[3.950s] -- Found python_cmake_module: 0.10.0 (/opt/ros/humble/share/python_cmake_module/cmake)
[4.013s] -- Using PYTHON_EXECUTABLE: /usr/bin/python3
[4.014s] -- Using PYTHON_INCLUDE_DIRS: /usr/include/python3.10
[4.014s] -- Using PYTHON_LIBRARIES: /usr/lib/x86_64-linux-gnu/libpython3.10.so
[4.105s] -- Found ament_lint_auto: 0.12.11 (/opt/ros/humble/share/ament_lint_auto/cmake)
[4.389s] -- Added test 'cppcheck' to perform static code analysis on C / C++ code
[4.391s] -- Configured cppcheck include dirs: 
[4.391s] -- Configured cppcheck exclude dirs and/or files: 
[4.422s] -- Added test 'flake8' to check Python code syntax and style conventions
[4.486s] -- Added test 'lint_cmake' to check CMake code style
[4.517s] -- Added test 'pep257' to check Python code against some of the docstring style conventions in PEP 257
[4.774s] -- Added test 'uncrustify' to check C / C++ code style
[4.775s] -- Configured uncrustify additional arguments: 
[4.806s] -- Added test 'xmllint' to check XML markup files
[4.813s] -- Configuring done
[5.022s] -- Generating done
[5.060s] -- Build files have been written to: /home/matrix/ros2_ws/build/custom_pkg
[5.185s] [35m[1mConsolidate compiler generated dependencies of target custom_pkg__rosidl_generator_c[0m
[5.260s] [  2%] Built target custom_pkg__cpp
[5.261s] [  5%] [32mBuilding CXX object CMakeFiles/msg_sub.dir/src/sub.cpp.o[0m
[5.269s] [  8%] [32mBuilding CXX object CMakeFiles/msg_pub.dir/src/pub.cpp.o[0m
[5.281s] [ 17%] Built target custom_pkg__rosidl_generator_c
[5.324s] [ 17%] Built target ament_cmake_python_copy_custom_pkg
[5.355s] [35m[1mConsolidate compiler generated dependencies of target custom_pkg__rosidl_typesupport_fastrtps_cpp[0m
[5.393s] [35m[1mConsolidate compiler generated dependencies of target custom_pkg__rosidl_typesupport_introspection_c[0m
[5.394s] [35m[1mConsolidate compiler generated dependencies of target custom_pkg__rosidl_typesupport_fastrtps_c[0m
[5.415s] [35m[1mConsolidate compiler generated dependencies of target custom_pkg__rosidl_typesupport_cpp[0m
[5.422s] [35m[1mConsolidate compiler generated dependencies of target custom_pkg__rosidl_typesupport_introspection_cpp[0m
[5.475s] [35m[1mConsolidate compiler generated dependencies of target custom_pkg__rosidl_typesupport_c[0m
[5.496s] [ 25%] Built target custom_pkg__rosidl_typesupport_fastrtps_cpp
[5.570s] [ 34%] Built target custom_pkg__rosidl_typesupport_fastrtps_c
[5.580s] [ 42%] Built target custom_pkg__rosidl_typesupport_introspection_c
[5.591s] [ 51%] Built target custom_pkg__rosidl_typesupport_introspection_cpp
[5.594s] [ 60%] Built target custom_pkg__rosidl_typesupport_c
[5.623s] [ 68%] Built target custom_pkg__rosidl_typesupport_cpp
[5.760s] [ 68%] Built target custom_pkg
[5.915s] [ 71%] Built target custom_pkg__py
[6.004s] [35m[1mConsolidate compiler generated dependencies of target custom_pkg__rosidl_generator_py[0m
[6.098s] [ 77%] Built target custom_pkg__rosidl_generator_py
[6.206s] [35m[1mConsolidate compiler generated dependencies of target custom_pkg__rosidl_typesupport_introspection_c__pyext[0m
[6.209s] [35m[1mConsolidate compiler generated dependencies of target custom_pkg__rosidl_typesupport_fastrtps_c__pyext[0m
[6.251s] [35m[1mConsolidate compiler generated dependencies of target custom_pkg__rosidl_typesupport_c__pyext[0m
[6.348s] [ 82%] Built target custom_pkg__rosidl_typesupport_introspection_c__pyext
[6.354s] [ 88%] Built target custom_pkg__rosidl_typesupport_c__pyext
[6.363s] [ 94%] Built target custom_pkg__rosidl_typesupport_fastrtps_c__pyext
[6.502s] running egg_info
[6.503s] writing custom_pkg.egg-info/PKG-INFO
[6.503s] writing dependency_links to custom_pkg.egg-info/dependency_links.txt
[6.505s] writing top-level names to custom_pkg.egg-info/top_level.txt
[6.506s] reading manifest file 'custom_pkg.egg-info/SOURCES.txt'
[6.506s] writing manifest file 'custom_pkg.egg-info/SOURCES.txt'
[6.582s] [ 94%] Built target ament_cmake_python_build_custom_pkg_egg
[7.596s] [01m[K/home/matrix/ros2_ws/src/custom_pkg/src/pub.cpp:7:10:[m[K [01;31m[Kfatal error: [m[Kcustom_pkg/msg/Age.hpp: No such file or directory
[7.596s]     7 | #include [01;31m[K"custom_pkg/msg/Age.hpp"[m[K
[7.597s]       |          [01;31m[K^~~~~~~~~~~~~~~~~~~~~~~~[m[K
[7.597s] compilation terminated.
[7.599s] [01m[K/home/matrix/ros2_ws/src/custom_pkg/src/sub.cpp:4:10:[m[K [01;31m[Kfatal error: [m[Kcustom_pkg/msg/Age.hpp: No such file or directory
[7.599s]     4 | #include [01;31m[K"custom_pkg/msg/Age.hpp"[m[K
[7.600s]       |          [01;31m[K^~~~~~~~~~~~~~~~~~~~~~~~[m[K
[7.600s] compilation terminated.
[7.600s] gmake[2]: *** [CMakeFiles/msg_pub.dir/build.make:76: CMakeFiles/msg_pub.dir/src/pub.cpp.o] Error 1
[7.604s] gmake[1]: *** [CMakeFiles/Makefile2:594: CMakeFiles/msg_pub.dir/all] Error 2
[7.605s] gmake[1]: *** Waiting for unfinished jobs....
[7.605s] gmake[2]: *** [CMakeFiles/msg_sub.dir/build.make:76: CMakeFiles/msg_sub.dir/src/sub.cpp.o] Error 1
[7.608s] gmake[1]: *** [CMakeFiles/Makefile2:620: CMakeFiles/msg_sub.dir/all] Error 2
[7.608s] gmake: *** [Makefile:146: all] Error 2
[7.621s] Invoked command in '/home/matrix/ros2_ws/build/custom_pkg' returned '2': CMAKE_PREFIX_PATH=${CMAKE_PREFIX_PATH}:/home/matrix/ros2_ws/install/py_node:/opt/ros/humble /usr/bin/cmake --build /home/matrix/ros2_ws/build/custom_pkg -- -j8 -l8
