[0.064s] Invoking command in '/home/matrix/ros2_ws/build/custom_pkg': CMAKE_PREFIX_PATH=${CMAKE_PREFIX_PATH}:/home/matrix/ros2_ws/install/py_node:/opt/ros/humble /usr/bin/cmake --build /home/matrix/ros2_ws/build/custom_pkg -- -j8 -l8
[0.172s] -- Found ament_cmake: 1.3.11 (/opt/ros/humble/share/ament_cmake/cmake)
[0.528s] -- Found rosidl_default_generators: 1.2.0 (/opt/ros/humble/share/rosidl_default_generators/cmake)
[0.533s] -- Using all available rosidl_typesupport_c: rosidl_typesupport_fastrtps_c;rosidl_typesupport_introspection_c
[0.545s] -- Found rosidl_adapter: 3.1.6 (/opt/ros/humble/share/rosidl_adapter/cmake)
[0.636s] -- Using all available rosidl_typesupport_cpp: rosidl_typesupport_fastrtps_cpp;rosidl_typesupport_introspection_cpp
[0.722s] -- Found std_msgs: 4.2.4 (/opt/ros/humble/share/std_msgs/cmake)
[0.783s] -- Found custom_pkg: 0.0.0 (/home/matrix/ros2_ws/install/custom_pkg/share/custom_pkg/cmake)
[0.822s] -- Found rclcpp: 16.0.11 (/opt/ros/humble/share/rclcpp/cmake)
[0.894s] -- Found rmw_implementation_cmake: 6.1.2 (/opt/ros/humble/share/rmw_implementation_cmake/cmake)
[0.899s] -- Found rmw_fastrtps_cpp: 6.2.7 (/opt/ros/humble/share/rmw_fastrtps_cpp/cmake)
[1.181s] -- Using RMW implementation 'rmw_fastrtps_cpp' as default
[2.111s] -- Found ament_cmake_ros: 0.10.0 (/opt/ros/humble/share/ament_cmake_ros/cmake)
[2.838s] -- Using all available rosidl_typesupport_c: rosidl_typesupport_fastrtps_c;rosidl_typesupport_introspection_c
[3.738s] -- Using all available rosidl_typesupport_cpp: rosidl_typesupport_fastrtps_cpp;rosidl_typesupport_introspection_cpp
[3.808s] -- Found python_cmake_module: 0.10.0 (/opt/ros/humble/share/python_cmake_module/cmake)
[3.880s] -- Using PYTHON_EXECUTABLE: /usr/bin/python3
[3.880s] -- Using PYTHON_INCLUDE_DIRS: /usr/include/python3.10
[3.881s] -- Using PYTHON_LIBRARIES: /usr/lib/x86_64-linux-gnu/libpython3.10.so
[3.972s] -- Found ament_lint_auto: 0.12.11 (/opt/ros/humble/share/ament_lint_auto/cmake)
[4.259s] -- Added test 'cppcheck' to perform static code analysis on C / C++ code
[4.260s] -- Configured cppcheck include dirs: 
[4.260s] -- Configured cppcheck exclude dirs and/or files: 
[4.292s] -- Added test 'flake8' to check Python code syntax and style conventions
[4.355s] -- Added test 'lint_cmake' to check CMake code style
[4.390s] -- Added test 'pep257' to check Python code against some of the docstring style conventions in PEP 257
[4.643s] -- Added test 'uncrustify' to check C / C++ code style
[4.644s] -- Configured uncrustify additional arguments: 
[4.680s] -- Added test 'xmllint' to check XML markup files
[4.692s] -- Configuring done
[4.910s] -- Generating done
[4.950s] -- Build files have been written to: /home/matrix/ros2_ws/build/custom_pkg
[5.079s] [35m[1mConsolidate compiler generated dependencies of target custom_pkg__rosidl_generator_c[0m
[5.138s] [  2%] Built target custom_pkg__cpp
[5.155s] [ 11%] Built target custom_pkg__rosidl_generator_c
[5.164s] [ 14%] [32mBuilding CXX object CMakeFiles/msg_pub.dir/src/pub.cpp.o[0m
[5.180s] [ 17%] [32mBuilding CXX object CMakeFiles/msg_sub.dir/src/sub.cpp.o[0m
[5.223s] [ 17%] Built target ament_cmake_python_copy_custom_pkg
[5.223s] [35m[1mConsolidate compiler generated dependencies of target custom_pkg__rosidl_typesupport_cpp[0m
[5.246s] [35m[1mConsolidate compiler generated dependencies of target custom_pkg__rosidl_typesupport_fastrtps_c[0m
[5.257s] [35m[1mConsolidate compiler generated dependencies of target custom_pkg__rosidl_typesupport_fastrtps_cpp[0m
[5.275s] [35m[1mConsolidate compiler generated dependencies of target custom_pkg__rosidl_typesupport_introspection_c[0m
[5.291s] [35m[1mConsolidate compiler generated dependencies of target custom_pkg__rosidl_typesupport_introspection_cpp[0m
[5.330s] [35m[1mConsolidate compiler generated dependencies of target custom_pkg__rosidl_typesupport_c[0m
[5.349s] [ 25%] Built target custom_pkg__rosidl_typesupport_cpp
[5.415s] [ 34%] Built target custom_pkg__rosidl_typesupport_fastrtps_cpp
[5.419s] [ 42%] Built target custom_pkg__rosidl_typesupport_introspection_cpp
[5.431s] [ 51%] Built target custom_pkg__rosidl_typesupport_introspection_c
[5.434s] [ 60%] Built target custom_pkg__rosidl_typesupport_fastrtps_c
[5.454s] [ 68%] Built target custom_pkg__rosidl_typesupport_c
[5.576s] [ 68%] Built target custom_pkg
[5.737s] [ 71%] Built target custom_pkg__py
[5.807s] [35m[1mConsolidate compiler generated dependencies of target custom_pkg__rosidl_generator_py[0m
[5.893s] [ 77%] Built target custom_pkg__rosidl_generator_py
[5.961s] [35m[1mConsolidate compiler generated dependencies of target custom_pkg__rosidl_typesupport_introspection_c__pyext[0m
[5.965s] [35m[1mConsolidate compiler generated dependencies of target custom_pkg__rosidl_typesupport_fastrtps_c__pyext[0m
[5.970s] [35m[1mConsolidate compiler generated dependencies of target custom_pkg__rosidl_typesupport_c__pyext[0m
[6.087s] [ 82%] Built target custom_pkg__rosidl_typesupport_fastrtps_c__pyext
[6.111s] [ 88%] Built target custom_pkg__rosidl_typesupport_c__pyext
[6.111s] [ 94%] Built target custom_pkg__rosidl_typesupport_introspection_c__pyext
[6.261s] running egg_info
[6.264s] writing custom_pkg.egg-info/PKG-INFO
[6.266s] writing dependency_links to custom_pkg.egg-info/dependency_links.txt
[6.266s] writing top-level names to custom_pkg.egg-info/top_level.txt
[6.271s] reading manifest file 'custom_pkg.egg-info/SOURCES.txt'
[6.273s] writing manifest file 'custom_pkg.egg-info/SOURCES.txt'
[6.346s] [ 94%] Built target ament_cmake_python_build_custom_pkg_egg
[7.289s] [01m[K/home/matrix/ros2_ws/src/custom_pkg/src/sub.cpp:4:10:[m[K [01;31m[Kfatal error: [m[Kcustom_pkg/msg/Age.hpp: No such file or directory
[7.290s]     4 | #include [01;31m[K"custom_pkg/msg/Age.hpp"[m[K
[7.291s]       |          [01;31m[K^~~~~~~~~~~~~~~~~~~~~~~~[m[K
[7.291s] compilation terminated.
[7.303s] gmake[2]: *** [CMakeFiles/msg_sub.dir/build.make:76: CMakeFiles/msg_sub.dir/src/sub.cpp.o] Error 1
[7.304s] gmake[1]: *** [CMakeFiles/Makefile2:620: CMakeFiles/msg_sub.dir/all] Error 2
[7.304s] gmake[1]: *** Waiting for unfinished jobs....
[7.324s] [01m[K/home/matrix/ros2_ws/src/custom_pkg/src/pub.cpp:7:10:[m[K [01;31m[Kfatal error: [m[Kcustom_pkg/msg/Age.hpp: No such file or directory
[7.324s]     7 | #include [01;31m[K"custom_pkg/msg/Age.hpp"[m[K
[7.324s]       |          [01;31m[K^~~~~~~~~~~~~~~~~~~~~~~~[m[K
[7.324s] compilation terminated.
[7.328s] gmake[2]: *** [CMakeFiles/msg_pub.dir/build.make:76: CMakeFiles/msg_pub.dir/src/pub.cpp.o] Error 1
[7.328s] gmake[1]: *** [CMakeFiles/Makefile2:594: CMakeFiles/msg_pub.dir/all] Error 2
[7.329s] gmake: *** [Makefile:146: all] Error 2
[7.338s] Invoked command in '/home/matrix/ros2_ws/build/custom_pkg' returned '2': CMAKE_PREFIX_PATH=${CMAKE_PREFIX_PATH}:/home/matrix/ros2_ws/install/py_node:/opt/ros/humble /usr/bin/cmake --build /home/matrix/ros2_ws/build/custom_pkg -- -j8 -l8
